ARM GAS  /tmp/ccN9UZuI.s 			page 1


   1              		.syntax unified
   2              		.cpu cortex-m4
   3              		.eabi_attribute 27, 1
   4              		.eabi_attribute 28, 1
   5              		.fpu fpv4-sp-d16
   6              		.eabi_attribute 20, 1
   7              		.eabi_attribute 21, 1
   8              		.eabi_attribute 23, 3
   9              		.eabi_attribute 24, 1
  10              		.eabi_attribute 25, 1
  11              		.eabi_attribute 26, 1
  12              		.eabi_attribute 30, 1
  13              		.eabi_attribute 34, 1
  14              		.eabi_attribute 18, 4
  15              		.thumb
  16              		.file	"stm32f4xx_hal_gpio.c"
  17              		.text
  18              	.Ltext0:
  19              		.cfi_sections	.debug_frame
  20              		.section	.text.HAL_GPIO_Init,"ax",%progbits
  21              		.align	2
  22              		.global	HAL_GPIO_Init
  23              		.thumb
  24              		.thumb_func
  26              	HAL_GPIO_Init:
  27              	.LFB130:
  28              		.file 1 "Drivers/STM32F4xx_HAL_Driver/Src/stm32f4xx_hal_gpio.c"
   1:Drivers/STM32F4xx_HAL_Driver/Src/stm32f4xx_hal_gpio.c **** /**
   2:Drivers/STM32F4xx_HAL_Driver/Src/stm32f4xx_hal_gpio.c ****   ******************************************************************************
   3:Drivers/STM32F4xx_HAL_Driver/Src/stm32f4xx_hal_gpio.c ****   * @file    stm32f4xx_hal_gpio.c
   4:Drivers/STM32F4xx_HAL_Driver/Src/stm32f4xx_hal_gpio.c ****   * @author  MCD Application Team
   5:Drivers/STM32F4xx_HAL_Driver/Src/stm32f4xx_hal_gpio.c ****   * @brief   GPIO HAL module driver.
   6:Drivers/STM32F4xx_HAL_Driver/Src/stm32f4xx_hal_gpio.c ****   *          This file provides firmware functions to manage the following 
   7:Drivers/STM32F4xx_HAL_Driver/Src/stm32f4xx_hal_gpio.c ****   *          functionalities of the General Purpose Input/Output (GPIO) peripheral:
   8:Drivers/STM32F4xx_HAL_Driver/Src/stm32f4xx_hal_gpio.c ****   *           + Initialization and de-initialization functions
   9:Drivers/STM32F4xx_HAL_Driver/Src/stm32f4xx_hal_gpio.c ****   *           + IO operation functions
  10:Drivers/STM32F4xx_HAL_Driver/Src/stm32f4xx_hal_gpio.c ****   *
  11:Drivers/STM32F4xx_HAL_Driver/Src/stm32f4xx_hal_gpio.c ****   @verbatim
  12:Drivers/STM32F4xx_HAL_Driver/Src/stm32f4xx_hal_gpio.c ****   ==============================================================================
  13:Drivers/STM32F4xx_HAL_Driver/Src/stm32f4xx_hal_gpio.c ****                     ##### GPIO Peripheral features #####
  14:Drivers/STM32F4xx_HAL_Driver/Src/stm32f4xx_hal_gpio.c ****   ==============================================================================
  15:Drivers/STM32F4xx_HAL_Driver/Src/stm32f4xx_hal_gpio.c ****   [..] 
  16:Drivers/STM32F4xx_HAL_Driver/Src/stm32f4xx_hal_gpio.c ****   Subject to the specific hardware characteristics of each I/O port listed in the datasheet, each
  17:Drivers/STM32F4xx_HAL_Driver/Src/stm32f4xx_hal_gpio.c ****   port bit of the General Purpose IO (GPIO) Ports, can be individually configured by software
  18:Drivers/STM32F4xx_HAL_Driver/Src/stm32f4xx_hal_gpio.c ****   in several modes:
  19:Drivers/STM32F4xx_HAL_Driver/Src/stm32f4xx_hal_gpio.c ****   (+) Input mode 
  20:Drivers/STM32F4xx_HAL_Driver/Src/stm32f4xx_hal_gpio.c ****   (+) Analog mode
  21:Drivers/STM32F4xx_HAL_Driver/Src/stm32f4xx_hal_gpio.c ****   (+) Output mode
  22:Drivers/STM32F4xx_HAL_Driver/Src/stm32f4xx_hal_gpio.c ****   (+) Alternate function mode
  23:Drivers/STM32F4xx_HAL_Driver/Src/stm32f4xx_hal_gpio.c ****   (+) External interrupt/event lines
  24:Drivers/STM32F4xx_HAL_Driver/Src/stm32f4xx_hal_gpio.c **** 
  25:Drivers/STM32F4xx_HAL_Driver/Src/stm32f4xx_hal_gpio.c ****   [..]  
  26:Drivers/STM32F4xx_HAL_Driver/Src/stm32f4xx_hal_gpio.c ****   During and just after reset, the alternate functions and external interrupt  
  27:Drivers/STM32F4xx_HAL_Driver/Src/stm32f4xx_hal_gpio.c ****   lines are not active and the I/O ports are configured in input floating mode.
  28:Drivers/STM32F4xx_HAL_Driver/Src/stm32f4xx_hal_gpio.c ****   
  29:Drivers/STM32F4xx_HAL_Driver/Src/stm32f4xx_hal_gpio.c ****   [..]   
  30:Drivers/STM32F4xx_HAL_Driver/Src/stm32f4xx_hal_gpio.c ****   All GPIO pins have weak internal pull-up and pull-down resistors, which can be 
ARM GAS  /tmp/ccN9UZuI.s 			page 2


  31:Drivers/STM32F4xx_HAL_Driver/Src/stm32f4xx_hal_gpio.c ****   activated or not.
  32:Drivers/STM32F4xx_HAL_Driver/Src/stm32f4xx_hal_gpio.c **** 
  33:Drivers/STM32F4xx_HAL_Driver/Src/stm32f4xx_hal_gpio.c ****   [..]
  34:Drivers/STM32F4xx_HAL_Driver/Src/stm32f4xx_hal_gpio.c ****   In Output or Alternate mode, each IO can be configured on open-drain or push-pull
  35:Drivers/STM32F4xx_HAL_Driver/Src/stm32f4xx_hal_gpio.c ****   type and the IO speed can be selected depending on the VDD value.
  36:Drivers/STM32F4xx_HAL_Driver/Src/stm32f4xx_hal_gpio.c **** 
  37:Drivers/STM32F4xx_HAL_Driver/Src/stm32f4xx_hal_gpio.c ****   [..]  
  38:Drivers/STM32F4xx_HAL_Driver/Src/stm32f4xx_hal_gpio.c ****   All ports have external interrupt/event capability. To use external interrupt 
  39:Drivers/STM32F4xx_HAL_Driver/Src/stm32f4xx_hal_gpio.c ****   lines, the port must be configured in input mode. All available GPIO pins are 
  40:Drivers/STM32F4xx_HAL_Driver/Src/stm32f4xx_hal_gpio.c ****   connected to the 16 external interrupt/event lines from EXTI0 to EXTI15.
  41:Drivers/STM32F4xx_HAL_Driver/Src/stm32f4xx_hal_gpio.c ****   
  42:Drivers/STM32F4xx_HAL_Driver/Src/stm32f4xx_hal_gpio.c ****   [..]
  43:Drivers/STM32F4xx_HAL_Driver/Src/stm32f4xx_hal_gpio.c ****   The external interrupt/event controller consists of up to 23 edge detectors 
  44:Drivers/STM32F4xx_HAL_Driver/Src/stm32f4xx_hal_gpio.c ****   (16 lines are connected to GPIO) for generating event/interrupt requests (each 
  45:Drivers/STM32F4xx_HAL_Driver/Src/stm32f4xx_hal_gpio.c ****   input line can be independently configured to select the type (interrupt or event) 
  46:Drivers/STM32F4xx_HAL_Driver/Src/stm32f4xx_hal_gpio.c ****   and the corresponding trigger event (rising or falling or both). Each line can 
  47:Drivers/STM32F4xx_HAL_Driver/Src/stm32f4xx_hal_gpio.c ****   also be masked independently. 
  48:Drivers/STM32F4xx_HAL_Driver/Src/stm32f4xx_hal_gpio.c **** 
  49:Drivers/STM32F4xx_HAL_Driver/Src/stm32f4xx_hal_gpio.c ****                      ##### How to use this driver #####
  50:Drivers/STM32F4xx_HAL_Driver/Src/stm32f4xx_hal_gpio.c ****   ==============================================================================  
  51:Drivers/STM32F4xx_HAL_Driver/Src/stm32f4xx_hal_gpio.c ****   [..]
  52:Drivers/STM32F4xx_HAL_Driver/Src/stm32f4xx_hal_gpio.c ****     (#) Enable the GPIO AHB clock using the following function: __HAL_RCC_GPIOx_CLK_ENABLE(). 
  53:Drivers/STM32F4xx_HAL_Driver/Src/stm32f4xx_hal_gpio.c **** 
  54:Drivers/STM32F4xx_HAL_Driver/Src/stm32f4xx_hal_gpio.c ****     (#) Configure the GPIO pin(s) using HAL_GPIO_Init().
  55:Drivers/STM32F4xx_HAL_Driver/Src/stm32f4xx_hal_gpio.c ****         (++) Configure the IO mode using "Mode" member from GPIO_InitTypeDef structure
  56:Drivers/STM32F4xx_HAL_Driver/Src/stm32f4xx_hal_gpio.c ****         (++) Activate Pull-up, Pull-down resistor using "Pull" member from GPIO_InitTypeDef 
  57:Drivers/STM32F4xx_HAL_Driver/Src/stm32f4xx_hal_gpio.c ****              structure.
  58:Drivers/STM32F4xx_HAL_Driver/Src/stm32f4xx_hal_gpio.c ****         (++) In case of Output or alternate function mode selection: the speed is 
  59:Drivers/STM32F4xx_HAL_Driver/Src/stm32f4xx_hal_gpio.c ****              configured through "Speed" member from GPIO_InitTypeDef structure.
  60:Drivers/STM32F4xx_HAL_Driver/Src/stm32f4xx_hal_gpio.c ****         (++) In alternate mode is selection, the alternate function connected to the IO
  61:Drivers/STM32F4xx_HAL_Driver/Src/stm32f4xx_hal_gpio.c ****              is configured through "Alternate" member from GPIO_InitTypeDef structure.
  62:Drivers/STM32F4xx_HAL_Driver/Src/stm32f4xx_hal_gpio.c ****         (++) Analog mode is required when a pin is to be used as ADC channel 
  63:Drivers/STM32F4xx_HAL_Driver/Src/stm32f4xx_hal_gpio.c ****              or DAC output.
  64:Drivers/STM32F4xx_HAL_Driver/Src/stm32f4xx_hal_gpio.c ****         (++) In case of external interrupt/event selection the "Mode" member from 
  65:Drivers/STM32F4xx_HAL_Driver/Src/stm32f4xx_hal_gpio.c ****              GPIO_InitTypeDef structure select the type (interrupt or event) and 
  66:Drivers/STM32F4xx_HAL_Driver/Src/stm32f4xx_hal_gpio.c ****              the corresponding trigger event (rising or falling or both).
  67:Drivers/STM32F4xx_HAL_Driver/Src/stm32f4xx_hal_gpio.c **** 
  68:Drivers/STM32F4xx_HAL_Driver/Src/stm32f4xx_hal_gpio.c ****     (#) In case of external interrupt/event mode selection, configure NVIC IRQ priority 
  69:Drivers/STM32F4xx_HAL_Driver/Src/stm32f4xx_hal_gpio.c ****         mapped to the EXTI line using HAL_NVIC_SetPriority() and enable it using
  70:Drivers/STM32F4xx_HAL_Driver/Src/stm32f4xx_hal_gpio.c ****         HAL_NVIC_EnableIRQ().
  71:Drivers/STM32F4xx_HAL_Driver/Src/stm32f4xx_hal_gpio.c ****          
  72:Drivers/STM32F4xx_HAL_Driver/Src/stm32f4xx_hal_gpio.c ****     (#) To get the level of a pin configured in input mode use HAL_GPIO_ReadPin().
  73:Drivers/STM32F4xx_HAL_Driver/Src/stm32f4xx_hal_gpio.c ****             
  74:Drivers/STM32F4xx_HAL_Driver/Src/stm32f4xx_hal_gpio.c ****     (#) To set/reset the level of a pin configured in output mode use 
  75:Drivers/STM32F4xx_HAL_Driver/Src/stm32f4xx_hal_gpio.c ****         HAL_GPIO_WritePin()/HAL_GPIO_TogglePin().
  76:Drivers/STM32F4xx_HAL_Driver/Src/stm32f4xx_hal_gpio.c ****     
  77:Drivers/STM32F4xx_HAL_Driver/Src/stm32f4xx_hal_gpio.c ****     (#) To lock pin configuration until next reset use HAL_GPIO_LockPin().
  78:Drivers/STM32F4xx_HAL_Driver/Src/stm32f4xx_hal_gpio.c **** 
  79:Drivers/STM32F4xx_HAL_Driver/Src/stm32f4xx_hal_gpio.c ****                  
  80:Drivers/STM32F4xx_HAL_Driver/Src/stm32f4xx_hal_gpio.c ****     (#) During and just after reset, the alternate functions are not 
  81:Drivers/STM32F4xx_HAL_Driver/Src/stm32f4xx_hal_gpio.c ****         active and the GPIO pins are configured in input floating mode (except JTAG
  82:Drivers/STM32F4xx_HAL_Driver/Src/stm32f4xx_hal_gpio.c ****         pins).
  83:Drivers/STM32F4xx_HAL_Driver/Src/stm32f4xx_hal_gpio.c ****   
  84:Drivers/STM32F4xx_HAL_Driver/Src/stm32f4xx_hal_gpio.c ****     (#) The LSE oscillator pins OSC32_IN and OSC32_OUT can be used as general purpose 
  85:Drivers/STM32F4xx_HAL_Driver/Src/stm32f4xx_hal_gpio.c ****         (PC14 and PC15, respectively) when the LSE oscillator is off. The LSE has 
  86:Drivers/STM32F4xx_HAL_Driver/Src/stm32f4xx_hal_gpio.c ****         priority over the GPIO function.
  87:Drivers/STM32F4xx_HAL_Driver/Src/stm32f4xx_hal_gpio.c ****   
ARM GAS  /tmp/ccN9UZuI.s 			page 3


  88:Drivers/STM32F4xx_HAL_Driver/Src/stm32f4xx_hal_gpio.c ****     (#) The HSE oscillator pins OSC_IN/OSC_OUT can be used as 
  89:Drivers/STM32F4xx_HAL_Driver/Src/stm32f4xx_hal_gpio.c ****         general purpose PH0 and PH1, respectively, when the HSE oscillator is off. 
  90:Drivers/STM32F4xx_HAL_Driver/Src/stm32f4xx_hal_gpio.c ****         The HSE has priority over the GPIO function.
  91:Drivers/STM32F4xx_HAL_Driver/Src/stm32f4xx_hal_gpio.c ****   
  92:Drivers/STM32F4xx_HAL_Driver/Src/stm32f4xx_hal_gpio.c ****   @endverbatim
  93:Drivers/STM32F4xx_HAL_Driver/Src/stm32f4xx_hal_gpio.c ****   ******************************************************************************
  94:Drivers/STM32F4xx_HAL_Driver/Src/stm32f4xx_hal_gpio.c ****   * @attention
  95:Drivers/STM32F4xx_HAL_Driver/Src/stm32f4xx_hal_gpio.c ****   *
  96:Drivers/STM32F4xx_HAL_Driver/Src/stm32f4xx_hal_gpio.c ****   * <h2><center>&copy; Copyright (c) 2017 STMicroelectronics.
  97:Drivers/STM32F4xx_HAL_Driver/Src/stm32f4xx_hal_gpio.c ****   * All rights reserved.</center></h2>
  98:Drivers/STM32F4xx_HAL_Driver/Src/stm32f4xx_hal_gpio.c ****   *
  99:Drivers/STM32F4xx_HAL_Driver/Src/stm32f4xx_hal_gpio.c ****   * This software component is licensed by ST under BSD 3-Clause license,
 100:Drivers/STM32F4xx_HAL_Driver/Src/stm32f4xx_hal_gpio.c ****   * the "License"; You may not use this file except in compliance with the
 101:Drivers/STM32F4xx_HAL_Driver/Src/stm32f4xx_hal_gpio.c ****   * License. You may obtain a copy of the License at:
 102:Drivers/STM32F4xx_HAL_Driver/Src/stm32f4xx_hal_gpio.c ****   *                        opensource.org/licenses/BSD-3-Clause
 103:Drivers/STM32F4xx_HAL_Driver/Src/stm32f4xx_hal_gpio.c ****   *
 104:Drivers/STM32F4xx_HAL_Driver/Src/stm32f4xx_hal_gpio.c ****   ******************************************************************************
 105:Drivers/STM32F4xx_HAL_Driver/Src/stm32f4xx_hal_gpio.c ****   */ 
 106:Drivers/STM32F4xx_HAL_Driver/Src/stm32f4xx_hal_gpio.c **** 
 107:Drivers/STM32F4xx_HAL_Driver/Src/stm32f4xx_hal_gpio.c **** /* Includes ------------------------------------------------------------------*/
 108:Drivers/STM32F4xx_HAL_Driver/Src/stm32f4xx_hal_gpio.c **** #include "stm32f4xx_hal.h"
 109:Drivers/STM32F4xx_HAL_Driver/Src/stm32f4xx_hal_gpio.c **** 
 110:Drivers/STM32F4xx_HAL_Driver/Src/stm32f4xx_hal_gpio.c **** /** @addtogroup STM32F4xx_HAL_Driver
 111:Drivers/STM32F4xx_HAL_Driver/Src/stm32f4xx_hal_gpio.c ****   * @{
 112:Drivers/STM32F4xx_HAL_Driver/Src/stm32f4xx_hal_gpio.c ****   */
 113:Drivers/STM32F4xx_HAL_Driver/Src/stm32f4xx_hal_gpio.c **** 
 114:Drivers/STM32F4xx_HAL_Driver/Src/stm32f4xx_hal_gpio.c **** /** @defgroup GPIO GPIO
 115:Drivers/STM32F4xx_HAL_Driver/Src/stm32f4xx_hal_gpio.c ****   * @brief GPIO HAL module driver
 116:Drivers/STM32F4xx_HAL_Driver/Src/stm32f4xx_hal_gpio.c ****   * @{
 117:Drivers/STM32F4xx_HAL_Driver/Src/stm32f4xx_hal_gpio.c ****   */
 118:Drivers/STM32F4xx_HAL_Driver/Src/stm32f4xx_hal_gpio.c **** 
 119:Drivers/STM32F4xx_HAL_Driver/Src/stm32f4xx_hal_gpio.c **** #ifdef HAL_GPIO_MODULE_ENABLED
 120:Drivers/STM32F4xx_HAL_Driver/Src/stm32f4xx_hal_gpio.c **** 
 121:Drivers/STM32F4xx_HAL_Driver/Src/stm32f4xx_hal_gpio.c **** /* Private typedef -----------------------------------------------------------*/
 122:Drivers/STM32F4xx_HAL_Driver/Src/stm32f4xx_hal_gpio.c **** /* Private define ------------------------------------------------------------*/
 123:Drivers/STM32F4xx_HAL_Driver/Src/stm32f4xx_hal_gpio.c **** /** @addtogroup GPIO_Private_Constants GPIO Private Constants
 124:Drivers/STM32F4xx_HAL_Driver/Src/stm32f4xx_hal_gpio.c ****   * @{
 125:Drivers/STM32F4xx_HAL_Driver/Src/stm32f4xx_hal_gpio.c ****   */
 126:Drivers/STM32F4xx_HAL_Driver/Src/stm32f4xx_hal_gpio.c **** #define GPIO_MODE             0x00000003U
 127:Drivers/STM32F4xx_HAL_Driver/Src/stm32f4xx_hal_gpio.c **** #define EXTI_MODE             0x10000000U
 128:Drivers/STM32F4xx_HAL_Driver/Src/stm32f4xx_hal_gpio.c **** #define GPIO_MODE_IT          0x00010000U
 129:Drivers/STM32F4xx_HAL_Driver/Src/stm32f4xx_hal_gpio.c **** #define GPIO_MODE_EVT         0x00020000U
 130:Drivers/STM32F4xx_HAL_Driver/Src/stm32f4xx_hal_gpio.c **** #define RISING_EDGE           0x00100000U
 131:Drivers/STM32F4xx_HAL_Driver/Src/stm32f4xx_hal_gpio.c **** #define FALLING_EDGE          0x00200000U
 132:Drivers/STM32F4xx_HAL_Driver/Src/stm32f4xx_hal_gpio.c **** #define GPIO_OUTPUT_TYPE      0x00000010U
 133:Drivers/STM32F4xx_HAL_Driver/Src/stm32f4xx_hal_gpio.c **** 
 134:Drivers/STM32F4xx_HAL_Driver/Src/stm32f4xx_hal_gpio.c **** #define GPIO_NUMBER           16U
 135:Drivers/STM32F4xx_HAL_Driver/Src/stm32f4xx_hal_gpio.c **** /**
 136:Drivers/STM32F4xx_HAL_Driver/Src/stm32f4xx_hal_gpio.c ****   * @}
 137:Drivers/STM32F4xx_HAL_Driver/Src/stm32f4xx_hal_gpio.c ****   */
 138:Drivers/STM32F4xx_HAL_Driver/Src/stm32f4xx_hal_gpio.c **** /* Private macro -------------------------------------------------------------*/
 139:Drivers/STM32F4xx_HAL_Driver/Src/stm32f4xx_hal_gpio.c **** /* Private variables ---------------------------------------------------------*/
 140:Drivers/STM32F4xx_HAL_Driver/Src/stm32f4xx_hal_gpio.c **** /* Private function prototypes -----------------------------------------------*/
 141:Drivers/STM32F4xx_HAL_Driver/Src/stm32f4xx_hal_gpio.c **** /* Private functions ---------------------------------------------------------*/
 142:Drivers/STM32F4xx_HAL_Driver/Src/stm32f4xx_hal_gpio.c **** /* Exported functions --------------------------------------------------------*/
 143:Drivers/STM32F4xx_HAL_Driver/Src/stm32f4xx_hal_gpio.c **** /** @defgroup GPIO_Exported_Functions GPIO Exported Functions
 144:Drivers/STM32F4xx_HAL_Driver/Src/stm32f4xx_hal_gpio.c ****   * @{
ARM GAS  /tmp/ccN9UZuI.s 			page 4


 145:Drivers/STM32F4xx_HAL_Driver/Src/stm32f4xx_hal_gpio.c ****   */
 146:Drivers/STM32F4xx_HAL_Driver/Src/stm32f4xx_hal_gpio.c **** 
 147:Drivers/STM32F4xx_HAL_Driver/Src/stm32f4xx_hal_gpio.c **** /** @defgroup GPIO_Exported_Functions_Group1 Initialization and de-initialization functions
 148:Drivers/STM32F4xx_HAL_Driver/Src/stm32f4xx_hal_gpio.c ****   *  @brief    Initialization and Configuration functions
 149:Drivers/STM32F4xx_HAL_Driver/Src/stm32f4xx_hal_gpio.c ****   *
 150:Drivers/STM32F4xx_HAL_Driver/Src/stm32f4xx_hal_gpio.c **** @verbatim    
 151:Drivers/STM32F4xx_HAL_Driver/Src/stm32f4xx_hal_gpio.c ****  ===============================================================================
 152:Drivers/STM32F4xx_HAL_Driver/Src/stm32f4xx_hal_gpio.c ****               ##### Initialization and de-initialization functions #####
 153:Drivers/STM32F4xx_HAL_Driver/Src/stm32f4xx_hal_gpio.c ****  ===============================================================================
 154:Drivers/STM32F4xx_HAL_Driver/Src/stm32f4xx_hal_gpio.c ****   [..]
 155:Drivers/STM32F4xx_HAL_Driver/Src/stm32f4xx_hal_gpio.c ****     This section provides functions allowing to initialize and de-initialize the GPIOs
 156:Drivers/STM32F4xx_HAL_Driver/Src/stm32f4xx_hal_gpio.c ****     to be ready for use.
 157:Drivers/STM32F4xx_HAL_Driver/Src/stm32f4xx_hal_gpio.c ****  
 158:Drivers/STM32F4xx_HAL_Driver/Src/stm32f4xx_hal_gpio.c **** @endverbatim
 159:Drivers/STM32F4xx_HAL_Driver/Src/stm32f4xx_hal_gpio.c ****   * @{
 160:Drivers/STM32F4xx_HAL_Driver/Src/stm32f4xx_hal_gpio.c ****   */
 161:Drivers/STM32F4xx_HAL_Driver/Src/stm32f4xx_hal_gpio.c **** 
 162:Drivers/STM32F4xx_HAL_Driver/Src/stm32f4xx_hal_gpio.c **** 
 163:Drivers/STM32F4xx_HAL_Driver/Src/stm32f4xx_hal_gpio.c **** /**
 164:Drivers/STM32F4xx_HAL_Driver/Src/stm32f4xx_hal_gpio.c ****   * @brief  Initializes the GPIOx peripheral according to the specified parameters in the GPIO_Init
 165:Drivers/STM32F4xx_HAL_Driver/Src/stm32f4xx_hal_gpio.c ****   * @param  GPIOx where x can be (A..K) to select the GPIO peripheral for STM32F429X device or
 166:Drivers/STM32F4xx_HAL_Driver/Src/stm32f4xx_hal_gpio.c ****   *                      x can be (A..I) to select the GPIO peripheral for STM32F40XX and STM32F427
 167:Drivers/STM32F4xx_HAL_Driver/Src/stm32f4xx_hal_gpio.c ****   * @param  GPIO_Init pointer to a GPIO_InitTypeDef structure that contains
 168:Drivers/STM32F4xx_HAL_Driver/Src/stm32f4xx_hal_gpio.c ****   *         the configuration information for the specified GPIO peripheral.
 169:Drivers/STM32F4xx_HAL_Driver/Src/stm32f4xx_hal_gpio.c ****   * @retval None
 170:Drivers/STM32F4xx_HAL_Driver/Src/stm32f4xx_hal_gpio.c ****   */
 171:Drivers/STM32F4xx_HAL_Driver/Src/stm32f4xx_hal_gpio.c **** void HAL_GPIO_Init(GPIO_TypeDef  *GPIOx, GPIO_InitTypeDef *GPIO_Init)
 172:Drivers/STM32F4xx_HAL_Driver/Src/stm32f4xx_hal_gpio.c **** {
  29              		.loc 1 172 0
  30              		.cfi_startproc
  31              		@ args = 0, pretend = 0, frame = 8
  32              		@ frame_needed = 0, uses_anonymous_args = 0
  33              	.LVL0:
  34 0000 F0B5     		push	{r4, r5, r6, r7, lr}
  35              	.LCFI0:
  36              		.cfi_def_cfa_offset 20
  37              		.cfi_offset 4, -20
  38              		.cfi_offset 5, -16
  39              		.cfi_offset 6, -12
  40              		.cfi_offset 7, -8
  41              		.cfi_offset 14, -4
  42 0002 83B0     		sub	sp, sp, #12
  43              	.LCFI1:
  44              		.cfi_def_cfa_offset 32
  45              	.LVL1:
 173:Drivers/STM32F4xx_HAL_Driver/Src/stm32f4xx_hal_gpio.c ****   uint32_t position;
 174:Drivers/STM32F4xx_HAL_Driver/Src/stm32f4xx_hal_gpio.c ****   uint32_t ioposition = 0x00U;
 175:Drivers/STM32F4xx_HAL_Driver/Src/stm32f4xx_hal_gpio.c ****   uint32_t iocurrent = 0x00U;
 176:Drivers/STM32F4xx_HAL_Driver/Src/stm32f4xx_hal_gpio.c ****   uint32_t temp = 0x00U;
 177:Drivers/STM32F4xx_HAL_Driver/Src/stm32f4xx_hal_gpio.c **** 
 178:Drivers/STM32F4xx_HAL_Driver/Src/stm32f4xx_hal_gpio.c ****   /* Check the parameters */
 179:Drivers/STM32F4xx_HAL_Driver/Src/stm32f4xx_hal_gpio.c ****   assert_param(IS_GPIO_ALL_INSTANCE(GPIOx));
 180:Drivers/STM32F4xx_HAL_Driver/Src/stm32f4xx_hal_gpio.c ****   assert_param(IS_GPIO_PIN(GPIO_Init->Pin));
 181:Drivers/STM32F4xx_HAL_Driver/Src/stm32f4xx_hal_gpio.c ****   assert_param(IS_GPIO_MODE(GPIO_Init->Mode));
 182:Drivers/STM32F4xx_HAL_Driver/Src/stm32f4xx_hal_gpio.c ****   assert_param(IS_GPIO_PULL(GPIO_Init->Pull));
 183:Drivers/STM32F4xx_HAL_Driver/Src/stm32f4xx_hal_gpio.c **** 
 184:Drivers/STM32F4xx_HAL_Driver/Src/stm32f4xx_hal_gpio.c ****   /* Configure the port pins */
ARM GAS  /tmp/ccN9UZuI.s 			page 5


 185:Drivers/STM32F4xx_HAL_Driver/Src/stm32f4xx_hal_gpio.c ****   for(position = 0U; position < GPIO_NUMBER; position++)
  46              		.loc 1 185 0
  47 0004 0023     		movs	r3, #0
  48 0006 D2E0     		b	.L2
  49              	.LVL2:
  50              	.L20:
 186:Drivers/STM32F4xx_HAL_Driver/Src/stm32f4xx_hal_gpio.c ****   {
 187:Drivers/STM32F4xx_HAL_Driver/Src/stm32f4xx_hal_gpio.c ****     /* Get the IO position */
 188:Drivers/STM32F4xx_HAL_Driver/Src/stm32f4xx_hal_gpio.c ****     ioposition = 0x01U << position;
  51              		.loc 1 188 0
  52 0008 1D46     		mov	r5, r3
  53 000a 0122     		movs	r2, #1
  54 000c 9A40     		lsls	r2, r2, r3
  55              	.LVL3:
 189:Drivers/STM32F4xx_HAL_Driver/Src/stm32f4xx_hal_gpio.c ****     /* Get the current IO position */
 190:Drivers/STM32F4xx_HAL_Driver/Src/stm32f4xx_hal_gpio.c ****     iocurrent = (uint32_t)(GPIO_Init->Pin) & ioposition;
  56              		.loc 1 190 0
  57 000e 0C68     		ldr	r4, [r1]
  58 0010 1440     		ands	r4, r4, r2
  59              	.LVL4:
 191:Drivers/STM32F4xx_HAL_Driver/Src/stm32f4xx_hal_gpio.c **** 
 192:Drivers/STM32F4xx_HAL_Driver/Src/stm32f4xx_hal_gpio.c ****     if(iocurrent == ioposition)
  60              		.loc 1 192 0
  61 0012 9442     		cmp	r4, r2
  62 0014 40F0CA80 		bne	.L3
 193:Drivers/STM32F4xx_HAL_Driver/Src/stm32f4xx_hal_gpio.c ****     {
 194:Drivers/STM32F4xx_HAL_Driver/Src/stm32f4xx_hal_gpio.c ****       /*--------------------- GPIO Mode Configuration ------------------------*/
 195:Drivers/STM32F4xx_HAL_Driver/Src/stm32f4xx_hal_gpio.c ****       /* In case of Output or Alternate function mode selection */
 196:Drivers/STM32F4xx_HAL_Driver/Src/stm32f4xx_hal_gpio.c ****       if((GPIO_Init->Mode == GPIO_MODE_OUTPUT_PP) || (GPIO_Init->Mode == GPIO_MODE_AF_PP) ||
  63              		.loc 1 196 0
  64 0018 4E68     		ldr	r6, [r1, #4]
  65 001a 771E     		subs	r7, r6, #1
  66 001c 012F     		cmp	r7, #1
  67 001e 03D9     		bls	.L4
  68              		.loc 1 196 0 is_stmt 0 discriminator 1
  69 0020 112E     		cmp	r6, #17
  70 0022 01D0     		beq	.L4
 197:Drivers/STM32F4xx_HAL_Driver/Src/stm32f4xx_hal_gpio.c ****          (GPIO_Init->Mode == GPIO_MODE_OUTPUT_OD) || (GPIO_Init->Mode == GPIO_MODE_AF_OD))
  71              		.loc 1 197 0 is_stmt 1
  72 0024 122E     		cmp	r6, #18
  73 0026 15D1     		bne	.L5
  74              	.L4:
 198:Drivers/STM32F4xx_HAL_Driver/Src/stm32f4xx_hal_gpio.c ****       {
 199:Drivers/STM32F4xx_HAL_Driver/Src/stm32f4xx_hal_gpio.c ****         /* Check the Speed parameter */
 200:Drivers/STM32F4xx_HAL_Driver/Src/stm32f4xx_hal_gpio.c ****         assert_param(IS_GPIO_SPEED(GPIO_Init->Speed));
 201:Drivers/STM32F4xx_HAL_Driver/Src/stm32f4xx_hal_gpio.c ****         /* Configure the IO Speed */
 202:Drivers/STM32F4xx_HAL_Driver/Src/stm32f4xx_hal_gpio.c ****         temp = GPIOx->OSPEEDR; 
  75              		.loc 1 202 0
  76 0028 8768     		ldr	r7, [r0, #8]
  77              	.LVL5:
 203:Drivers/STM32F4xx_HAL_Driver/Src/stm32f4xx_hal_gpio.c ****         temp &= ~(GPIO_OSPEEDER_OSPEEDR0 << (position * 2U));
  78              		.loc 1 203 0
  79 002a 4FEA430E 		lsl	lr, r3, #1
  80 002e 0326     		movs	r6, #3
  81 0030 06FA0EF6 		lsl	r6, r6, lr
  82 0034 27EA0607 		bic	r7, r7, r6
  83              	.LVL6:
ARM GAS  /tmp/ccN9UZuI.s 			page 6


 204:Drivers/STM32F4xx_HAL_Driver/Src/stm32f4xx_hal_gpio.c ****         temp |= (GPIO_Init->Speed << (position * 2U));
  84              		.loc 1 204 0
  85 0038 CE68     		ldr	r6, [r1, #12]
  86 003a 06FA0EF6 		lsl	r6, r6, lr
  87 003e 3E43     		orrs	r6, r6, r7
  88              	.LVL7:
 205:Drivers/STM32F4xx_HAL_Driver/Src/stm32f4xx_hal_gpio.c ****         GPIOx->OSPEEDR = temp;
  89              		.loc 1 205 0
  90 0040 8660     		str	r6, [r0, #8]
 206:Drivers/STM32F4xx_HAL_Driver/Src/stm32f4xx_hal_gpio.c **** 
 207:Drivers/STM32F4xx_HAL_Driver/Src/stm32f4xx_hal_gpio.c ****         /* Configure the IO Output Type */
 208:Drivers/STM32F4xx_HAL_Driver/Src/stm32f4xx_hal_gpio.c ****         temp = GPIOx->OTYPER;
  91              		.loc 1 208 0
  92 0042 4668     		ldr	r6, [r0, #4]
  93              	.LVL8:
 209:Drivers/STM32F4xx_HAL_Driver/Src/stm32f4xx_hal_gpio.c ****         temp &= ~(GPIO_OTYPER_OT_0 << position) ;
  94              		.loc 1 209 0
  95 0044 26EA0206 		bic	r6, r6, r2
  96              	.LVL9:
 210:Drivers/STM32F4xx_HAL_Driver/Src/stm32f4xx_hal_gpio.c ****         temp |= (((GPIO_Init->Mode & GPIO_OUTPUT_TYPE) >> 4U) << position);
  97              		.loc 1 210 0
  98 0048 4A68     		ldr	r2, [r1, #4]
  99              	.LVL10:
 100 004a C2F30012 		ubfx	r2, r2, #4, #1
 101 004e AA40     		lsls	r2, r2, r5
 102 0050 3243     		orrs	r2, r2, r6
 103              	.LVL11:
 211:Drivers/STM32F4xx_HAL_Driver/Src/stm32f4xx_hal_gpio.c ****         GPIOx->OTYPER = temp;
 104              		.loc 1 211 0
 105 0052 4260     		str	r2, [r0, #4]
 106              	.LVL12:
 107              	.L5:
 212:Drivers/STM32F4xx_HAL_Driver/Src/stm32f4xx_hal_gpio.c ****        }
 213:Drivers/STM32F4xx_HAL_Driver/Src/stm32f4xx_hal_gpio.c **** 
 214:Drivers/STM32F4xx_HAL_Driver/Src/stm32f4xx_hal_gpio.c ****       /* Activate the Pull-up or Pull down resistor for the current IO */
 215:Drivers/STM32F4xx_HAL_Driver/Src/stm32f4xx_hal_gpio.c ****       temp = GPIOx->PUPDR;
 108              		.loc 1 215 0
 109 0054 C568     		ldr	r5, [r0, #12]
 110              	.LVL13:
 216:Drivers/STM32F4xx_HAL_Driver/Src/stm32f4xx_hal_gpio.c ****       temp &= ~(GPIO_PUPDR_PUPDR0 << (position * 2U));
 111              		.loc 1 216 0
 112 0056 5F00     		lsls	r7, r3, #1
 113 0058 0322     		movs	r2, #3
 114 005a BA40     		lsls	r2, r2, r7
 115 005c D243     		mvns	r2, r2
 116 005e 02EA0506 		and	r6, r2, r5
 117              	.LVL14:
 217:Drivers/STM32F4xx_HAL_Driver/Src/stm32f4xx_hal_gpio.c ****       temp |= ((GPIO_Init->Pull) << (position * 2U));
 118              		.loc 1 217 0
 119 0062 8D68     		ldr	r5, [r1, #8]
 120 0064 BD40     		lsls	r5, r5, r7
 121 0066 3543     		orrs	r5, r5, r6
 122              	.LVL15:
 218:Drivers/STM32F4xx_HAL_Driver/Src/stm32f4xx_hal_gpio.c ****       GPIOx->PUPDR = temp;
 123              		.loc 1 218 0
 124 0068 C560     		str	r5, [r0, #12]
 219:Drivers/STM32F4xx_HAL_Driver/Src/stm32f4xx_hal_gpio.c **** 
ARM GAS  /tmp/ccN9UZuI.s 			page 7


 220:Drivers/STM32F4xx_HAL_Driver/Src/stm32f4xx_hal_gpio.c ****       /* In case of Alternate function mode selection */
 221:Drivers/STM32F4xx_HAL_Driver/Src/stm32f4xx_hal_gpio.c ****       if((GPIO_Init->Mode == GPIO_MODE_AF_PP) || (GPIO_Init->Mode == GPIO_MODE_AF_OD))
 125              		.loc 1 221 0
 126 006a 4D68     		ldr	r5, [r1, #4]
 127              	.LVL16:
 128 006c 022D     		cmp	r5, #2
 129 006e 01D0     		beq	.L6
 130              		.loc 1 221 0 is_stmt 0 discriminator 1
 131 0070 122D     		cmp	r5, #18
 132 0072 14D1     		bne	.L7
 133              	.L6:
 222:Drivers/STM32F4xx_HAL_Driver/Src/stm32f4xx_hal_gpio.c ****       {
 223:Drivers/STM32F4xx_HAL_Driver/Src/stm32f4xx_hal_gpio.c ****         /* Check the Alternate function parameter */
 224:Drivers/STM32F4xx_HAL_Driver/Src/stm32f4xx_hal_gpio.c ****         assert_param(IS_GPIO_AF(GPIO_Init->Alternate));
 225:Drivers/STM32F4xx_HAL_Driver/Src/stm32f4xx_hal_gpio.c ****         /* Configure Alternate function mapped with the current IO */
 226:Drivers/STM32F4xx_HAL_Driver/Src/stm32f4xx_hal_gpio.c ****         temp = GPIOx->AFR[position >> 3U];
 134              		.loc 1 226 0 is_stmt 1
 135 0074 4FEAD30C 		lsr	ip, r3, #3
 136 0078 0CF1080C 		add	ip, ip, #8
 137 007c 50F82C60 		ldr	r6, [r0, ip, lsl #2]
 138              	.LVL17:
 227:Drivers/STM32F4xx_HAL_Driver/Src/stm32f4xx_hal_gpio.c ****         temp &= ~(0xFU << ((uint32_t)(position & 0x07U) * 4U)) ;
 139              		.loc 1 227 0
 140 0080 03F0070E 		and	lr, r3, #7
 141 0084 4FEA8E0E 		lsl	lr, lr, #2
 142 0088 0F25     		movs	r5, #15
 143 008a 05FA0EF5 		lsl	r5, r5, lr
 144 008e 26EA0506 		bic	r6, r6, r5
 145              	.LVL18:
 228:Drivers/STM32F4xx_HAL_Driver/Src/stm32f4xx_hal_gpio.c ****         temp |= ((uint32_t)(GPIO_Init->Alternate) << (((uint32_t)position & 0x07U) * 4U));
 146              		.loc 1 228 0
 147 0092 0D69     		ldr	r5, [r1, #16]
 148 0094 05FA0EF5 		lsl	r5, r5, lr
 149 0098 3543     		orrs	r5, r5, r6
 150              	.LVL19:
 229:Drivers/STM32F4xx_HAL_Driver/Src/stm32f4xx_hal_gpio.c ****         GPIOx->AFR[position >> 3U] = temp;
 151              		.loc 1 229 0
 152 009a 40F82C50 		str	r5, [r0, ip, lsl #2]
 153              	.LVL20:
 154              	.L7:
 230:Drivers/STM32F4xx_HAL_Driver/Src/stm32f4xx_hal_gpio.c ****       }
 231:Drivers/STM32F4xx_HAL_Driver/Src/stm32f4xx_hal_gpio.c **** 
 232:Drivers/STM32F4xx_HAL_Driver/Src/stm32f4xx_hal_gpio.c ****       /* Configure IO Direction mode (Input, Output, Alternate or Analog) */
 233:Drivers/STM32F4xx_HAL_Driver/Src/stm32f4xx_hal_gpio.c ****       temp = GPIOx->MODER;
 155              		.loc 1 233 0
 156 009e 0568     		ldr	r5, [r0]
 157              	.LVL21:
 234:Drivers/STM32F4xx_HAL_Driver/Src/stm32f4xx_hal_gpio.c ****       temp &= ~(GPIO_MODER_MODER0 << (position * 2U));
 158              		.loc 1 234 0
 159 00a0 1540     		ands	r5, r5, r2
 160              	.LVL22:
 235:Drivers/STM32F4xx_HAL_Driver/Src/stm32f4xx_hal_gpio.c ****       temp |= ((GPIO_Init->Mode & GPIO_MODE) << (position * 2U));
 161              		.loc 1 235 0
 162 00a2 4A68     		ldr	r2, [r1, #4]
 163 00a4 02F00302 		and	r2, r2, #3
 164 00a8 BA40     		lsls	r2, r2, r7
 165 00aa 2A43     		orrs	r2, r2, r5
ARM GAS  /tmp/ccN9UZuI.s 			page 8


 166              	.LVL23:
 236:Drivers/STM32F4xx_HAL_Driver/Src/stm32f4xx_hal_gpio.c ****       GPIOx->MODER = temp;
 167              		.loc 1 236 0
 168 00ac 0260     		str	r2, [r0]
 237:Drivers/STM32F4xx_HAL_Driver/Src/stm32f4xx_hal_gpio.c **** 
 238:Drivers/STM32F4xx_HAL_Driver/Src/stm32f4xx_hal_gpio.c ****       /*--------------------- EXTI Mode Configuration ------------------------*/
 239:Drivers/STM32F4xx_HAL_Driver/Src/stm32f4xx_hal_gpio.c ****       /* Configure the External Interrupt or event for the current IO */
 240:Drivers/STM32F4xx_HAL_Driver/Src/stm32f4xx_hal_gpio.c ****       if((GPIO_Init->Mode & EXTI_MODE) == EXTI_MODE)
 169              		.loc 1 240 0
 170 00ae 4A68     		ldr	r2, [r1, #4]
 171              	.LVL24:
 172 00b0 12F0805F 		tst	r2, #268435456
 173 00b4 7AD0     		beq	.L3
 174              	.LBB2:
 241:Drivers/STM32F4xx_HAL_Driver/Src/stm32f4xx_hal_gpio.c ****       {
 242:Drivers/STM32F4xx_HAL_Driver/Src/stm32f4xx_hal_gpio.c ****         /* Enable SYSCFG Clock */
 243:Drivers/STM32F4xx_HAL_Driver/Src/stm32f4xx_hal_gpio.c ****         __HAL_RCC_SYSCFG_CLK_ENABLE();
 175              		.loc 1 243 0
 176 00b6 0022     		movs	r2, #0
 177 00b8 0192     		str	r2, [sp, #4]
 178              	.LVL25:
 179 00ba 3F4A     		ldr	r2, .L30
 180 00bc 556C     		ldr	r5, [r2, #68]
 181 00be 45F48045 		orr	r5, r5, #16384
 182 00c2 5564     		str	r5, [r2, #68]
 183 00c4 526C     		ldr	r2, [r2, #68]
 184 00c6 02F48042 		and	r2, r2, #16384
 185 00ca 0192     		str	r2, [sp, #4]
 186 00cc 019A     		ldr	r2, [sp, #4]
 187              	.LBE2:
 244:Drivers/STM32F4xx_HAL_Driver/Src/stm32f4xx_hal_gpio.c **** 
 245:Drivers/STM32F4xx_HAL_Driver/Src/stm32f4xx_hal_gpio.c ****         temp = SYSCFG->EXTICR[position >> 2U];
 188              		.loc 1 245 0
 189 00ce 9A08     		lsrs	r2, r3, #2
 190 00d0 961C     		adds	r6, r2, #2
 191 00d2 3A4D     		ldr	r5, .L30+4
 192 00d4 55F82660 		ldr	r6, [r5, r6, lsl #2]
 193              	.LVL26:
 246:Drivers/STM32F4xx_HAL_Driver/Src/stm32f4xx_hal_gpio.c ****         temp &= ~(0x0FU << (4U * (position & 0x03U)));
 194              		.loc 1 246 0
 195 00d8 03F00307 		and	r7, r3, #3
 196 00dc BF00     		lsls	r7, r7, #2
 197 00de 0F25     		movs	r5, #15
 198 00e0 BD40     		lsls	r5, r5, r7
 199 00e2 26EA0506 		bic	r6, r6, r5
 200              	.LVL27:
 247:Drivers/STM32F4xx_HAL_Driver/Src/stm32f4xx_hal_gpio.c ****         temp |= ((uint32_t)(GPIO_GET_INDEX(GPIOx)) << (4U * (position & 0x03U)));
 201              		.loc 1 247 0
 202 00e6 364D     		ldr	r5, .L30+8
 203 00e8 A842     		cmp	r0, r5
 204 00ea 2BD0     		beq	.L21
 205              		.loc 1 247 0 is_stmt 0 discriminator 1
 206 00ec 05F58065 		add	r5, r5, #1024
 207 00f0 A842     		cmp	r0, r5
 208 00f2 25D0     		beq	.L22
 209              		.loc 1 247 0 discriminator 3
 210 00f4 05F58065 		add	r5, r5, #1024
ARM GAS  /tmp/ccN9UZuI.s 			page 9


 211 00f8 A842     		cmp	r0, r5
 212 00fa 1FD0     		beq	.L23
 213              		.loc 1 247 0 discriminator 5
 214 00fc 05F58065 		add	r5, r5, #1024
 215 0100 A842     		cmp	r0, r5
 216 0102 19D0     		beq	.L24
 217              		.loc 1 247 0 discriminator 7
 218 0104 05F58065 		add	r5, r5, #1024
 219 0108 A842     		cmp	r0, r5
 220 010a 13D0     		beq	.L25
 221              		.loc 1 247 0 discriminator 9
 222 010c 05F58065 		add	r5, r5, #1024
 223 0110 A842     		cmp	r0, r5
 224 0112 0DD0     		beq	.L26
 225              		.loc 1 247 0 discriminator 11
 226 0114 05F58065 		add	r5, r5, #1024
 227 0118 A842     		cmp	r0, r5
 228 011a 07D0     		beq	.L27
 229              		.loc 1 247 0 discriminator 13
 230 011c 05F58065 		add	r5, r5, #1024
 231 0120 A842     		cmp	r0, r5
 232 0122 01D1     		bne	.L28
 233              		.loc 1 247 0
 234 0124 0725     		movs	r5, #7
 235 0126 0EE0     		b	.L8
 236              	.L28:
 237 0128 0825     		movs	r5, #8
 238 012a 0CE0     		b	.L8
 239              	.L27:
 240 012c 0625     		movs	r5, #6
 241 012e 0AE0     		b	.L8
 242              	.L26:
 243 0130 0525     		movs	r5, #5
 244 0132 08E0     		b	.L8
 245              	.L25:
 246 0134 0425     		movs	r5, #4
 247 0136 06E0     		b	.L8
 248              	.L24:
 249 0138 0325     		movs	r5, #3
 250 013a 04E0     		b	.L8
 251              	.L23:
 252 013c 0225     		movs	r5, #2
 253 013e 02E0     		b	.L8
 254              	.L22:
 255 0140 0125     		movs	r5, #1
 256              	.LVL28:
 257 0142 00E0     		b	.L8
 258              	.LVL29:
 259              	.L21:
 260 0144 0025     		movs	r5, #0
 261              	.L8:
 262              		.loc 1 247 0 discriminator 32
 263 0146 BD40     		lsls	r5, r5, r7
 264 0148 3543     		orrs	r5, r5, r6
 265              	.LVL30:
 248:Drivers/STM32F4xx_HAL_Driver/Src/stm32f4xx_hal_gpio.c ****         SYSCFG->EXTICR[position >> 2U] = temp;
 266              		.loc 1 248 0 is_stmt 1 discriminator 32
ARM GAS  /tmp/ccN9UZuI.s 			page 10


 267 014a 0232     		adds	r2, r2, #2
 268 014c 1B4E     		ldr	r6, .L30+4
 269 014e 46F82250 		str	r5, [r6, r2, lsl #2]
 249:Drivers/STM32F4xx_HAL_Driver/Src/stm32f4xx_hal_gpio.c **** 
 250:Drivers/STM32F4xx_HAL_Driver/Src/stm32f4xx_hal_gpio.c ****         /* Clear EXTI line configuration */
 251:Drivers/STM32F4xx_HAL_Driver/Src/stm32f4xx_hal_gpio.c ****         temp = EXTI->IMR;
 270              		.loc 1 251 0 discriminator 32
 271 0152 1C4A     		ldr	r2, .L30+12
 272 0154 1568     		ldr	r5, [r2]
 273              	.LVL31:
 252:Drivers/STM32F4xx_HAL_Driver/Src/stm32f4xx_hal_gpio.c ****         temp &= ~((uint32_t)iocurrent);
 274              		.loc 1 252 0 discriminator 32
 275 0156 E243     		mvns	r2, r4
 276 0158 02EA0506 		and	r6, r2, r5
 277              	.LVL32:
 253:Drivers/STM32F4xx_HAL_Driver/Src/stm32f4xx_hal_gpio.c ****         if((GPIO_Init->Mode & GPIO_MODE_IT) == GPIO_MODE_IT)
 278              		.loc 1 253 0 discriminator 32
 279 015c 4F68     		ldr	r7, [r1, #4]
 280 015e 17F4803F 		tst	r7, #65536
 281 0162 01D0     		beq	.L16
 254:Drivers/STM32F4xx_HAL_Driver/Src/stm32f4xx_hal_gpio.c ****         {
 255:Drivers/STM32F4xx_HAL_Driver/Src/stm32f4xx_hal_gpio.c ****           temp |= iocurrent;
 282              		.loc 1 255 0
 283 0164 44EA0506 		orr	r6, r4, r5
 284              	.LVL33:
 285              	.L16:
 256:Drivers/STM32F4xx_HAL_Driver/Src/stm32f4xx_hal_gpio.c ****         }
 257:Drivers/STM32F4xx_HAL_Driver/Src/stm32f4xx_hal_gpio.c ****         EXTI->IMR = temp;
 286              		.loc 1 257 0
 287 0168 164D     		ldr	r5, .L30+12
 288 016a 2E60     		str	r6, [r5]
 258:Drivers/STM32F4xx_HAL_Driver/Src/stm32f4xx_hal_gpio.c **** 
 259:Drivers/STM32F4xx_HAL_Driver/Src/stm32f4xx_hal_gpio.c ****         temp = EXTI->EMR;
 289              		.loc 1 259 0
 290 016c 6D68     		ldr	r5, [r5, #4]
 291              	.LVL34:
 260:Drivers/STM32F4xx_HAL_Driver/Src/stm32f4xx_hal_gpio.c ****         temp &= ~((uint32_t)iocurrent);
 292              		.loc 1 260 0
 293 016e 02EA0506 		and	r6, r2, r5
 294              	.LVL35:
 261:Drivers/STM32F4xx_HAL_Driver/Src/stm32f4xx_hal_gpio.c ****         if((GPIO_Init->Mode & GPIO_MODE_EVT) == GPIO_MODE_EVT)
 295              		.loc 1 261 0
 296 0172 4F68     		ldr	r7, [r1, #4]
 297 0174 17F4003F 		tst	r7, #131072
 298 0178 01D0     		beq	.L17
 262:Drivers/STM32F4xx_HAL_Driver/Src/stm32f4xx_hal_gpio.c ****         {
 263:Drivers/STM32F4xx_HAL_Driver/Src/stm32f4xx_hal_gpio.c ****           temp |= iocurrent;
 299              		.loc 1 263 0
 300 017a 44EA0506 		orr	r6, r4, r5
 301              	.LVL36:
 302              	.L17:
 264:Drivers/STM32F4xx_HAL_Driver/Src/stm32f4xx_hal_gpio.c ****         }
 265:Drivers/STM32F4xx_HAL_Driver/Src/stm32f4xx_hal_gpio.c ****         EXTI->EMR = temp;
 303              		.loc 1 265 0
 304 017e 114D     		ldr	r5, .L30+12
 305 0180 6E60     		str	r6, [r5, #4]
 266:Drivers/STM32F4xx_HAL_Driver/Src/stm32f4xx_hal_gpio.c **** 
ARM GAS  /tmp/ccN9UZuI.s 			page 11


 267:Drivers/STM32F4xx_HAL_Driver/Src/stm32f4xx_hal_gpio.c ****         /* Clear Rising Falling edge configuration */
 268:Drivers/STM32F4xx_HAL_Driver/Src/stm32f4xx_hal_gpio.c ****         temp = EXTI->RTSR;
 306              		.loc 1 268 0
 307 0182 AD68     		ldr	r5, [r5, #8]
 308              	.LVL37:
 269:Drivers/STM32F4xx_HAL_Driver/Src/stm32f4xx_hal_gpio.c ****         temp &= ~((uint32_t)iocurrent);
 309              		.loc 1 269 0
 310 0184 02EA0506 		and	r6, r2, r5
 311              	.LVL38:
 270:Drivers/STM32F4xx_HAL_Driver/Src/stm32f4xx_hal_gpio.c ****         if((GPIO_Init->Mode & RISING_EDGE) == RISING_EDGE)
 312              		.loc 1 270 0
 313 0188 4F68     		ldr	r7, [r1, #4]
 314 018a 17F4801F 		tst	r7, #1048576
 315 018e 01D0     		beq	.L18
 271:Drivers/STM32F4xx_HAL_Driver/Src/stm32f4xx_hal_gpio.c ****         {
 272:Drivers/STM32F4xx_HAL_Driver/Src/stm32f4xx_hal_gpio.c ****           temp |= iocurrent;
 316              		.loc 1 272 0
 317 0190 44EA0506 		orr	r6, r4, r5
 318              	.LVL39:
 319              	.L18:
 273:Drivers/STM32F4xx_HAL_Driver/Src/stm32f4xx_hal_gpio.c ****         }
 274:Drivers/STM32F4xx_HAL_Driver/Src/stm32f4xx_hal_gpio.c ****         EXTI->RTSR = temp;
 320              		.loc 1 274 0
 321 0194 0B4D     		ldr	r5, .L30+12
 322 0196 AE60     		str	r6, [r5, #8]
 275:Drivers/STM32F4xx_HAL_Driver/Src/stm32f4xx_hal_gpio.c **** 
 276:Drivers/STM32F4xx_HAL_Driver/Src/stm32f4xx_hal_gpio.c ****         temp = EXTI->FTSR;
 323              		.loc 1 276 0
 324 0198 ED68     		ldr	r5, [r5, #12]
 325              	.LVL40:
 277:Drivers/STM32F4xx_HAL_Driver/Src/stm32f4xx_hal_gpio.c ****         temp &= ~((uint32_t)iocurrent);
 326              		.loc 1 277 0
 327 019a 2A40     		ands	r2, r2, r5
 328              	.LVL41:
 278:Drivers/STM32F4xx_HAL_Driver/Src/stm32f4xx_hal_gpio.c ****         if((GPIO_Init->Mode & FALLING_EDGE) == FALLING_EDGE)
 329              		.loc 1 278 0
 330 019c 4E68     		ldr	r6, [r1, #4]
 331 019e 16F4001F 		tst	r6, #2097152
 332 01a2 01D0     		beq	.L19
 279:Drivers/STM32F4xx_HAL_Driver/Src/stm32f4xx_hal_gpio.c ****         {
 280:Drivers/STM32F4xx_HAL_Driver/Src/stm32f4xx_hal_gpio.c ****           temp |= iocurrent;
 333              		.loc 1 280 0
 334 01a4 44EA0502 		orr	r2, r4, r5
 335              	.LVL42:
 336              	.L19:
 281:Drivers/STM32F4xx_HAL_Driver/Src/stm32f4xx_hal_gpio.c ****         }
 282:Drivers/STM32F4xx_HAL_Driver/Src/stm32f4xx_hal_gpio.c ****         EXTI->FTSR = temp;
 337              		.loc 1 282 0
 338 01a8 064C     		ldr	r4, .L30+12
 339              	.LVL43:
 340 01aa E260     		str	r2, [r4, #12]
 341              	.LVL44:
 342              	.L3:
 185:Drivers/STM32F4xx_HAL_Driver/Src/stm32f4xx_hal_gpio.c ****   {
 343              		.loc 1 185 0 discriminator 2
 344 01ac 0133     		adds	r3, r3, #1
 345              	.LVL45:
ARM GAS  /tmp/ccN9UZuI.s 			page 12


 346              	.L2:
 185:Drivers/STM32F4xx_HAL_Driver/Src/stm32f4xx_hal_gpio.c ****   {
 347              		.loc 1 185 0 is_stmt 0 discriminator 1
 348 01ae 0F2B     		cmp	r3, #15
 349 01b0 7FF62AAF 		bls	.L20
 283:Drivers/STM32F4xx_HAL_Driver/Src/stm32f4xx_hal_gpio.c ****       }
 284:Drivers/STM32F4xx_HAL_Driver/Src/stm32f4xx_hal_gpio.c ****     }
 285:Drivers/STM32F4xx_HAL_Driver/Src/stm32f4xx_hal_gpio.c ****   }
 286:Drivers/STM32F4xx_HAL_Driver/Src/stm32f4xx_hal_gpio.c **** }
 350              		.loc 1 286 0 is_stmt 1
 351 01b4 03B0     		add	sp, sp, #12
 352              	.LCFI2:
 353              		.cfi_def_cfa_offset 20
 354              		@ sp needed
 355 01b6 F0BD     		pop	{r4, r5, r6, r7, pc}
 356              	.L31:
 357              		.align	2
 358              	.L30:
 359 01b8 00380240 		.word	1073887232
 360 01bc 00380140 		.word	1073821696
 361 01c0 00000240 		.word	1073872896
 362 01c4 003C0140 		.word	1073822720
 363              		.cfi_endproc
 364              	.LFE130:
 366              		.section	.text.HAL_GPIO_DeInit,"ax",%progbits
 367              		.align	2
 368              		.global	HAL_GPIO_DeInit
 369              		.thumb
 370              		.thumb_func
 372              	HAL_GPIO_DeInit:
 373              	.LFB131:
 287:Drivers/STM32F4xx_HAL_Driver/Src/stm32f4xx_hal_gpio.c **** 
 288:Drivers/STM32F4xx_HAL_Driver/Src/stm32f4xx_hal_gpio.c **** /**
 289:Drivers/STM32F4xx_HAL_Driver/Src/stm32f4xx_hal_gpio.c ****   * @brief  De-initializes the GPIOx peripheral registers to their default reset values.
 290:Drivers/STM32F4xx_HAL_Driver/Src/stm32f4xx_hal_gpio.c ****   * @param  GPIOx where x can be (A..K) to select the GPIO peripheral for STM32F429X device or
 291:Drivers/STM32F4xx_HAL_Driver/Src/stm32f4xx_hal_gpio.c ****   *                      x can be (A..I) to select the GPIO peripheral for STM32F40XX and STM32F427
 292:Drivers/STM32F4xx_HAL_Driver/Src/stm32f4xx_hal_gpio.c ****   * @param  GPIO_Pin specifies the port bit to be written.
 293:Drivers/STM32F4xx_HAL_Driver/Src/stm32f4xx_hal_gpio.c ****   *          This parameter can be one of GPIO_PIN_x where x can be (0..15).
 294:Drivers/STM32F4xx_HAL_Driver/Src/stm32f4xx_hal_gpio.c ****   * @retval None
 295:Drivers/STM32F4xx_HAL_Driver/Src/stm32f4xx_hal_gpio.c ****   */
 296:Drivers/STM32F4xx_HAL_Driver/Src/stm32f4xx_hal_gpio.c **** void HAL_GPIO_DeInit(GPIO_TypeDef  *GPIOx, uint32_t GPIO_Pin)
 297:Drivers/STM32F4xx_HAL_Driver/Src/stm32f4xx_hal_gpio.c **** {
 374              		.loc 1 297 0
 375              		.cfi_startproc
 376              		@ args = 0, pretend = 0, frame = 0
 377              		@ frame_needed = 0, uses_anonymous_args = 0
 378              	.LVL46:
 379 0000 F0B5     		push	{r4, r5, r6, r7, lr}
 380              	.LCFI3:
 381              		.cfi_def_cfa_offset 20
 382              		.cfi_offset 4, -20
 383              		.cfi_offset 5, -16
 384              		.cfi_offset 6, -12
 385              		.cfi_offset 7, -8
 386              		.cfi_offset 14, -4
 387              	.LVL47:
 298:Drivers/STM32F4xx_HAL_Driver/Src/stm32f4xx_hal_gpio.c ****   uint32_t position;
ARM GAS  /tmp/ccN9UZuI.s 			page 13


 299:Drivers/STM32F4xx_HAL_Driver/Src/stm32f4xx_hal_gpio.c ****   uint32_t ioposition = 0x00U;
 300:Drivers/STM32F4xx_HAL_Driver/Src/stm32f4xx_hal_gpio.c ****   uint32_t iocurrent = 0x00U;
 301:Drivers/STM32F4xx_HAL_Driver/Src/stm32f4xx_hal_gpio.c ****   uint32_t tmp = 0x00U;
 302:Drivers/STM32F4xx_HAL_Driver/Src/stm32f4xx_hal_gpio.c **** 
 303:Drivers/STM32F4xx_HAL_Driver/Src/stm32f4xx_hal_gpio.c ****   /* Check the parameters */
 304:Drivers/STM32F4xx_HAL_Driver/Src/stm32f4xx_hal_gpio.c ****   assert_param(IS_GPIO_ALL_INSTANCE(GPIOx));
 305:Drivers/STM32F4xx_HAL_Driver/Src/stm32f4xx_hal_gpio.c ****   
 306:Drivers/STM32F4xx_HAL_Driver/Src/stm32f4xx_hal_gpio.c ****   /* Configure the port pins */
 307:Drivers/STM32F4xx_HAL_Driver/Src/stm32f4xx_hal_gpio.c ****   for(position = 0U; position < GPIO_NUMBER; position++)
 388              		.loc 1 307 0
 389 0002 0023     		movs	r3, #0
 390 0004 89E0     		b	.L33
 391              	.LVL48:
 392              	.L44:
 308:Drivers/STM32F4xx_HAL_Driver/Src/stm32f4xx_hal_gpio.c ****   {
 309:Drivers/STM32F4xx_HAL_Driver/Src/stm32f4xx_hal_gpio.c ****     /* Get the IO position */
 310:Drivers/STM32F4xx_HAL_Driver/Src/stm32f4xx_hal_gpio.c ****     ioposition = 0x01U << position;
 393              		.loc 1 310 0
 394 0006 0122     		movs	r2, #1
 395 0008 9A40     		lsls	r2, r2, r3
 396              	.LVL49:
 311:Drivers/STM32F4xx_HAL_Driver/Src/stm32f4xx_hal_gpio.c ****     /* Get the current IO position */
 312:Drivers/STM32F4xx_HAL_Driver/Src/stm32f4xx_hal_gpio.c ****     iocurrent = (GPIO_Pin) & ioposition;
 397              		.loc 1 312 0
 398 000a 01EA0204 		and	r4, r1, r2
 399              	.LVL50:
 313:Drivers/STM32F4xx_HAL_Driver/Src/stm32f4xx_hal_gpio.c **** 
 314:Drivers/STM32F4xx_HAL_Driver/Src/stm32f4xx_hal_gpio.c ****     if(iocurrent == ioposition)
 400              		.loc 1 314 0
 401 000e 9442     		cmp	r4, r2
 402 0010 40F08280 		bne	.L34
 315:Drivers/STM32F4xx_HAL_Driver/Src/stm32f4xx_hal_gpio.c ****     {
 316:Drivers/STM32F4xx_HAL_Driver/Src/stm32f4xx_hal_gpio.c ****       /*------------------------- EXTI Mode Configuration --------------------*/
 317:Drivers/STM32F4xx_HAL_Driver/Src/stm32f4xx_hal_gpio.c ****       tmp = SYSCFG->EXTICR[position >> 2U];
 403              		.loc 1 317 0
 404 0014 4FEA930C 		lsr	ip, r3, #2
 405 0018 0CF10206 		add	r6, ip, #2
 406 001c 414D     		ldr	r5, .L54
 407 001e 55F82670 		ldr	r7, [r5, r6, lsl #2]
 408              	.LVL51:
 318:Drivers/STM32F4xx_HAL_Driver/Src/stm32f4xx_hal_gpio.c ****       tmp &= (0x0FU << (4U * (position & 0x03U)));
 409              		.loc 1 318 0
 410 0022 03F00305 		and	r5, r3, #3
 411 0026 AD00     		lsls	r5, r5, #2
 412 0028 0F26     		movs	r6, #15
 413 002a AE40     		lsls	r6, r6, r5
 414 002c 3740     		ands	r7, r7, r6
 415              	.LVL52:
 319:Drivers/STM32F4xx_HAL_Driver/Src/stm32f4xx_hal_gpio.c ****       if(tmp == ((uint32_t)(GPIO_GET_INDEX(GPIOx)) << (4U * (position & 0x03U))))
 416              		.loc 1 319 0
 417 002e DFF8FCE0 		ldr	lr, .L54+8
 418 0032 7045     		cmp	r0, lr
 419 0034 33D0     		beq	.L45
 420              		.loc 1 319 0 is_stmt 0 discriminator 1
 421 0036 0EF5806E 		add	lr, lr, #1024
 422 003a 7045     		cmp	r0, lr
 423 003c 2CD0     		beq	.L46
ARM GAS  /tmp/ccN9UZuI.s 			page 14


 424              		.loc 1 319 0 discriminator 3
 425 003e 0EF5806E 		add	lr, lr, #1024
 426 0042 7045     		cmp	r0, lr
 427 0044 25D0     		beq	.L47
 428              		.loc 1 319 0 discriminator 5
 429 0046 0EF5806E 		add	lr, lr, #1024
 430 004a 7045     		cmp	r0, lr
 431 004c 1ED0     		beq	.L48
 432              		.loc 1 319 0 discriminator 7
 433 004e 0EF5806E 		add	lr, lr, #1024
 434 0052 7045     		cmp	r0, lr
 435 0054 17D0     		beq	.L49
 436              		.loc 1 319 0 discriminator 9
 437 0056 0EF5806E 		add	lr, lr, #1024
 438 005a 7045     		cmp	r0, lr
 439 005c 10D0     		beq	.L50
 440              		.loc 1 319 0 discriminator 11
 441 005e 0EF5806E 		add	lr, lr, #1024
 442 0062 7045     		cmp	r0, lr
 443 0064 09D0     		beq	.L51
 444              		.loc 1 319 0 discriminator 13
 445 0066 0EF5806E 		add	lr, lr, #1024
 446 006a 7045     		cmp	r0, lr
 447 006c 02D1     		bne	.L52
 448              		.loc 1 319 0
 449 006e 4FF0070E 		mov	lr, #7
 450 0072 16E0     		b	.L35
 451              	.L52:
 452 0074 4FF0080E 		mov	lr, #8
 453 0078 13E0     		b	.L35
 454              	.L51:
 455 007a 4FF0060E 		mov	lr, #6
 456 007e 10E0     		b	.L35
 457              	.L50:
 458 0080 4FF0050E 		mov	lr, #5
 459 0084 0DE0     		b	.L35
 460              	.L49:
 461 0086 4FF0040E 		mov	lr, #4
 462 008a 0AE0     		b	.L35
 463              	.L48:
 464 008c 4FF0030E 		mov	lr, #3
 465 0090 07E0     		b	.L35
 466              	.L47:
 467 0092 4FF0020E 		mov	lr, #2
 468 0096 04E0     		b	.L35
 469              	.L46:
 470 0098 4FF0010E 		mov	lr, #1
 471 009c 01E0     		b	.L35
 472              	.L45:
 473 009e 4FF0000E 		mov	lr, #0
 474              	.L35:
 475              		.loc 1 319 0 discriminator 32
 476 00a2 0EFA05F5 		lsl	r5, lr, r5
 477 00a6 BD42     		cmp	r5, r7
 478 00a8 16D1     		bne	.L43
 320:Drivers/STM32F4xx_HAL_Driver/Src/stm32f4xx_hal_gpio.c ****       {
 321:Drivers/STM32F4xx_HAL_Driver/Src/stm32f4xx_hal_gpio.c ****         /* Clear EXTI line configuration */
ARM GAS  /tmp/ccN9UZuI.s 			page 15


 322:Drivers/STM32F4xx_HAL_Driver/Src/stm32f4xx_hal_gpio.c ****         EXTI->IMR &= ~((uint32_t)iocurrent);
 479              		.loc 1 322 0 is_stmt 1
 480 00aa 1F4D     		ldr	r5, .L54+4
 481 00ac 2F68     		ldr	r7, [r5]
 482              	.LVL53:
 483 00ae E443     		mvns	r4, r4
 484              	.LVL54:
 485 00b0 2740     		ands	r7, r7, r4
 486 00b2 2F60     		str	r7, [r5]
 323:Drivers/STM32F4xx_HAL_Driver/Src/stm32f4xx_hal_gpio.c ****         EXTI->EMR &= ~((uint32_t)iocurrent);
 487              		.loc 1 323 0
 488 00b4 6F68     		ldr	r7, [r5, #4]
 489 00b6 2740     		ands	r7, r7, r4
 490 00b8 6F60     		str	r7, [r5, #4]
 324:Drivers/STM32F4xx_HAL_Driver/Src/stm32f4xx_hal_gpio.c ****         
 325:Drivers/STM32F4xx_HAL_Driver/Src/stm32f4xx_hal_gpio.c ****         /* Clear Rising Falling edge configuration */
 326:Drivers/STM32F4xx_HAL_Driver/Src/stm32f4xx_hal_gpio.c ****         EXTI->RTSR &= ~((uint32_t)iocurrent);
 491              		.loc 1 326 0
 492 00ba AF68     		ldr	r7, [r5, #8]
 493 00bc 2740     		ands	r7, r7, r4
 494 00be AF60     		str	r7, [r5, #8]
 327:Drivers/STM32F4xx_HAL_Driver/Src/stm32f4xx_hal_gpio.c ****         EXTI->FTSR &= ~((uint32_t)iocurrent);
 495              		.loc 1 327 0
 496 00c0 EF68     		ldr	r7, [r5, #12]
 497 00c2 3C40     		ands	r4, r4, r7
 498              	.LVL55:
 499 00c4 EC60     		str	r4, [r5, #12]
 500              	.LVL56:
 328:Drivers/STM32F4xx_HAL_Driver/Src/stm32f4xx_hal_gpio.c **** 
 329:Drivers/STM32F4xx_HAL_Driver/Src/stm32f4xx_hal_gpio.c ****         /* Configure the External Interrupt or event for the current IO */
 330:Drivers/STM32F4xx_HAL_Driver/Src/stm32f4xx_hal_gpio.c ****         tmp = 0x0FU << (4U * (position & 0x03U));
 331:Drivers/STM32F4xx_HAL_Driver/Src/stm32f4xx_hal_gpio.c ****         SYSCFG->EXTICR[position >> 2U] &= ~tmp;
 501              		.loc 1 331 0
 502 00c6 174F     		ldr	r7, .L54
 503 00c8 0CF10204 		add	r4, ip, #2
 504 00cc 57F82450 		ldr	r5, [r7, r4, lsl #2]
 505 00d0 25EA0606 		bic	r6, r5, r6
 506              	.LVL57:
 507 00d4 47F82460 		str	r6, [r7, r4, lsl #2]
 508              	.LVL58:
 509              	.L43:
 332:Drivers/STM32F4xx_HAL_Driver/Src/stm32f4xx_hal_gpio.c ****       }
 333:Drivers/STM32F4xx_HAL_Driver/Src/stm32f4xx_hal_gpio.c **** 
 334:Drivers/STM32F4xx_HAL_Driver/Src/stm32f4xx_hal_gpio.c ****       /*------------------------- GPIO Mode Configuration --------------------*/
 335:Drivers/STM32F4xx_HAL_Driver/Src/stm32f4xx_hal_gpio.c ****       /* Configure IO Direction in Input Floating Mode */
 336:Drivers/STM32F4xx_HAL_Driver/Src/stm32f4xx_hal_gpio.c ****       GPIOx->MODER &= ~(GPIO_MODER_MODER0 << (position * 2U));
 510              		.loc 1 336 0
 511 00d8 0568     		ldr	r5, [r0]
 512 00da 5E00     		lsls	r6, r3, #1
 513 00dc 0324     		movs	r4, #3
 514 00de B440     		lsls	r4, r4, r6
 515 00e0 E443     		mvns	r4, r4
 516 00e2 2540     		ands	r5, r5, r4
 517 00e4 0560     		str	r5, [r0]
 337:Drivers/STM32F4xx_HAL_Driver/Src/stm32f4xx_hal_gpio.c **** 
 338:Drivers/STM32F4xx_HAL_Driver/Src/stm32f4xx_hal_gpio.c ****       /* Configure the default Alternate Function in current IO */
 339:Drivers/STM32F4xx_HAL_Driver/Src/stm32f4xx_hal_gpio.c ****       GPIOx->AFR[position >> 3U] &= ~(0xFU << ((uint32_t)(position & 0x07U) * 4U)) ;
ARM GAS  /tmp/ccN9UZuI.s 			page 16


 518              		.loc 1 339 0
 519 00e6 DD08     		lsrs	r5, r3, #3
 520 00e8 0835     		adds	r5, r5, #8
 521 00ea 50F82570 		ldr	r7, [r0, r5, lsl #2]
 522 00ee 03F0070E 		and	lr, r3, #7
 523 00f2 4FEA8E0E 		lsl	lr, lr, #2
 524 00f6 0F26     		movs	r6, #15
 525 00f8 06FA0EF6 		lsl	r6, r6, lr
 526 00fc 27EA0606 		bic	r6, r7, r6
 527 0100 40F82560 		str	r6, [r0, r5, lsl #2]
 340:Drivers/STM32F4xx_HAL_Driver/Src/stm32f4xx_hal_gpio.c **** 
 341:Drivers/STM32F4xx_HAL_Driver/Src/stm32f4xx_hal_gpio.c ****       /* Deactivate the Pull-up and Pull-down resistor for the current IO */
 342:Drivers/STM32F4xx_HAL_Driver/Src/stm32f4xx_hal_gpio.c ****       GPIOx->PUPDR &= ~(GPIO_PUPDR_PUPDR0 << (position * 2U));
 528              		.loc 1 342 0
 529 0104 C568     		ldr	r5, [r0, #12]
 530 0106 2540     		ands	r5, r5, r4
 531 0108 C560     		str	r5, [r0, #12]
 343:Drivers/STM32F4xx_HAL_Driver/Src/stm32f4xx_hal_gpio.c **** 
 344:Drivers/STM32F4xx_HAL_Driver/Src/stm32f4xx_hal_gpio.c ****       /* Configure the default value IO Output Type */
 345:Drivers/STM32F4xx_HAL_Driver/Src/stm32f4xx_hal_gpio.c ****       GPIOx->OTYPER  &= ~(GPIO_OTYPER_OT_0 << position) ;
 532              		.loc 1 345 0
 533 010a 4568     		ldr	r5, [r0, #4]
 534 010c 25EA0202 		bic	r2, r5, r2
 535              	.LVL59:
 536 0110 4260     		str	r2, [r0, #4]
 346:Drivers/STM32F4xx_HAL_Driver/Src/stm32f4xx_hal_gpio.c **** 
 347:Drivers/STM32F4xx_HAL_Driver/Src/stm32f4xx_hal_gpio.c ****       /* Configure the default value for IO Speed */
 348:Drivers/STM32F4xx_HAL_Driver/Src/stm32f4xx_hal_gpio.c ****       GPIOx->OSPEEDR &= ~(GPIO_OSPEEDER_OSPEEDR0 << (position * 2U));
 537              		.loc 1 348 0
 538 0112 8268     		ldr	r2, [r0, #8]
 539 0114 1440     		ands	r4, r4, r2
 540 0116 8460     		str	r4, [r0, #8]
 541              	.L34:
 307:Drivers/STM32F4xx_HAL_Driver/Src/stm32f4xx_hal_gpio.c ****   {
 542              		.loc 1 307 0 discriminator 2
 543 0118 0133     		adds	r3, r3, #1
 544              	.LVL60:
 545              	.L33:
 307:Drivers/STM32F4xx_HAL_Driver/Src/stm32f4xx_hal_gpio.c ****   {
 546              		.loc 1 307 0 is_stmt 0 discriminator 1
 547 011a 0F2B     		cmp	r3, #15
 548 011c 7FF673AF 		bls	.L44
 349:Drivers/STM32F4xx_HAL_Driver/Src/stm32f4xx_hal_gpio.c ****     }
 350:Drivers/STM32F4xx_HAL_Driver/Src/stm32f4xx_hal_gpio.c ****   }
 351:Drivers/STM32F4xx_HAL_Driver/Src/stm32f4xx_hal_gpio.c **** }
 549              		.loc 1 351 0 is_stmt 1
 550 0120 F0BD     		pop	{r4, r5, r6, r7, pc}
 551              	.L55:
 552 0122 00BF     		.align	2
 553              	.L54:
 554 0124 00380140 		.word	1073821696
 555 0128 003C0140 		.word	1073822720
 556 012c 00000240 		.word	1073872896
 557              		.cfi_endproc
 558              	.LFE131:
 560              		.section	.text.HAL_GPIO_ReadPin,"ax",%progbits
 561              		.align	2
ARM GAS  /tmp/ccN9UZuI.s 			page 17


 562              		.global	HAL_GPIO_ReadPin
 563              		.thumb
 564              		.thumb_func
 566              	HAL_GPIO_ReadPin:
 567              	.LFB132:
 352:Drivers/STM32F4xx_HAL_Driver/Src/stm32f4xx_hal_gpio.c **** 
 353:Drivers/STM32F4xx_HAL_Driver/Src/stm32f4xx_hal_gpio.c **** /**
 354:Drivers/STM32F4xx_HAL_Driver/Src/stm32f4xx_hal_gpio.c ****   * @}
 355:Drivers/STM32F4xx_HAL_Driver/Src/stm32f4xx_hal_gpio.c ****   */
 356:Drivers/STM32F4xx_HAL_Driver/Src/stm32f4xx_hal_gpio.c **** 
 357:Drivers/STM32F4xx_HAL_Driver/Src/stm32f4xx_hal_gpio.c **** /** @defgroup GPIO_Exported_Functions_Group2 IO operation functions 
 358:Drivers/STM32F4xx_HAL_Driver/Src/stm32f4xx_hal_gpio.c ****   *  @brief   GPIO Read and Write
 359:Drivers/STM32F4xx_HAL_Driver/Src/stm32f4xx_hal_gpio.c ****   *
 360:Drivers/STM32F4xx_HAL_Driver/Src/stm32f4xx_hal_gpio.c **** @verbatim
 361:Drivers/STM32F4xx_HAL_Driver/Src/stm32f4xx_hal_gpio.c ****  ===============================================================================
 362:Drivers/STM32F4xx_HAL_Driver/Src/stm32f4xx_hal_gpio.c ****                        ##### IO operation functions #####
 363:Drivers/STM32F4xx_HAL_Driver/Src/stm32f4xx_hal_gpio.c ****  ===============================================================================
 364:Drivers/STM32F4xx_HAL_Driver/Src/stm32f4xx_hal_gpio.c **** 
 365:Drivers/STM32F4xx_HAL_Driver/Src/stm32f4xx_hal_gpio.c **** @endverbatim
 366:Drivers/STM32F4xx_HAL_Driver/Src/stm32f4xx_hal_gpio.c ****   * @{
 367:Drivers/STM32F4xx_HAL_Driver/Src/stm32f4xx_hal_gpio.c ****   */
 368:Drivers/STM32F4xx_HAL_Driver/Src/stm32f4xx_hal_gpio.c **** 
 369:Drivers/STM32F4xx_HAL_Driver/Src/stm32f4xx_hal_gpio.c **** /**
 370:Drivers/STM32F4xx_HAL_Driver/Src/stm32f4xx_hal_gpio.c ****   * @brief  Reads the specified input port pin.
 371:Drivers/STM32F4xx_HAL_Driver/Src/stm32f4xx_hal_gpio.c ****   * @param  GPIOx where x can be (A..K) to select the GPIO peripheral for STM32F429X device or
 372:Drivers/STM32F4xx_HAL_Driver/Src/stm32f4xx_hal_gpio.c ****   *                      x can be (A..I) to select the GPIO peripheral for STM32F40XX and STM32F427
 373:Drivers/STM32F4xx_HAL_Driver/Src/stm32f4xx_hal_gpio.c ****   * @param  GPIO_Pin specifies the port bit to read.
 374:Drivers/STM32F4xx_HAL_Driver/Src/stm32f4xx_hal_gpio.c ****   *         This parameter can be GPIO_PIN_x where x can be (0..15).
 375:Drivers/STM32F4xx_HAL_Driver/Src/stm32f4xx_hal_gpio.c ****   * @retval The input port pin value.
 376:Drivers/STM32F4xx_HAL_Driver/Src/stm32f4xx_hal_gpio.c ****   */
 377:Drivers/STM32F4xx_HAL_Driver/Src/stm32f4xx_hal_gpio.c **** GPIO_PinState HAL_GPIO_ReadPin(GPIO_TypeDef* GPIOx, uint16_t GPIO_Pin)
 378:Drivers/STM32F4xx_HAL_Driver/Src/stm32f4xx_hal_gpio.c **** {
 568              		.loc 1 378 0
 569              		.cfi_startproc
 570              		@ args = 0, pretend = 0, frame = 0
 571              		@ frame_needed = 0, uses_anonymous_args = 0
 572              		@ link register save eliminated.
 573              	.LVL61:
 379:Drivers/STM32F4xx_HAL_Driver/Src/stm32f4xx_hal_gpio.c ****   GPIO_PinState bitstatus;
 380:Drivers/STM32F4xx_HAL_Driver/Src/stm32f4xx_hal_gpio.c **** 
 381:Drivers/STM32F4xx_HAL_Driver/Src/stm32f4xx_hal_gpio.c ****   /* Check the parameters */
 382:Drivers/STM32F4xx_HAL_Driver/Src/stm32f4xx_hal_gpio.c ****   assert_param(IS_GPIO_PIN(GPIO_Pin));
 383:Drivers/STM32F4xx_HAL_Driver/Src/stm32f4xx_hal_gpio.c **** 
 384:Drivers/STM32F4xx_HAL_Driver/Src/stm32f4xx_hal_gpio.c ****   if((GPIOx->IDR & GPIO_Pin) != (uint32_t)GPIO_PIN_RESET)
 574              		.loc 1 384 0
 575 0000 0369     		ldr	r3, [r0, #16]
 576 0002 0B42     		tst	r3, r1
 577 0004 01D0     		beq	.L58
 385:Drivers/STM32F4xx_HAL_Driver/Src/stm32f4xx_hal_gpio.c ****   {
 386:Drivers/STM32F4xx_HAL_Driver/Src/stm32f4xx_hal_gpio.c ****     bitstatus = GPIO_PIN_SET;
 578              		.loc 1 386 0
 579 0006 0120     		movs	r0, #1
 580              	.LVL62:
 581 0008 7047     		bx	lr
 582              	.LVL63:
 583              	.L58:
 387:Drivers/STM32F4xx_HAL_Driver/Src/stm32f4xx_hal_gpio.c ****   }
ARM GAS  /tmp/ccN9UZuI.s 			page 18


 388:Drivers/STM32F4xx_HAL_Driver/Src/stm32f4xx_hal_gpio.c ****   else
 389:Drivers/STM32F4xx_HAL_Driver/Src/stm32f4xx_hal_gpio.c ****   {
 390:Drivers/STM32F4xx_HAL_Driver/Src/stm32f4xx_hal_gpio.c ****     bitstatus = GPIO_PIN_RESET;
 584              		.loc 1 390 0
 585 000a 0020     		movs	r0, #0
 586              	.LVL64:
 391:Drivers/STM32F4xx_HAL_Driver/Src/stm32f4xx_hal_gpio.c ****   }
 392:Drivers/STM32F4xx_HAL_Driver/Src/stm32f4xx_hal_gpio.c ****   return bitstatus;
 393:Drivers/STM32F4xx_HAL_Driver/Src/stm32f4xx_hal_gpio.c **** }
 587              		.loc 1 393 0
 588 000c 7047     		bx	lr
 589              		.cfi_endproc
 590              	.LFE132:
 592 000e 00BF     		.section	.text.HAL_GPIO_WritePin,"ax",%progbits
 593              		.align	2
 594              		.global	HAL_GPIO_WritePin
 595              		.thumb
 596              		.thumb_func
 598              	HAL_GPIO_WritePin:
 599              	.LFB133:
 394:Drivers/STM32F4xx_HAL_Driver/Src/stm32f4xx_hal_gpio.c **** 
 395:Drivers/STM32F4xx_HAL_Driver/Src/stm32f4xx_hal_gpio.c **** /**
 396:Drivers/STM32F4xx_HAL_Driver/Src/stm32f4xx_hal_gpio.c ****   * @brief  Sets or clears the selected data port bit.
 397:Drivers/STM32F4xx_HAL_Driver/Src/stm32f4xx_hal_gpio.c ****   *
 398:Drivers/STM32F4xx_HAL_Driver/Src/stm32f4xx_hal_gpio.c ****   * @note   This function uses GPIOx_BSRR register to allow atomic read/modify
 399:Drivers/STM32F4xx_HAL_Driver/Src/stm32f4xx_hal_gpio.c ****   *         accesses. In this way, there is no risk of an IRQ occurring between
 400:Drivers/STM32F4xx_HAL_Driver/Src/stm32f4xx_hal_gpio.c ****   *         the read and the modify access.
 401:Drivers/STM32F4xx_HAL_Driver/Src/stm32f4xx_hal_gpio.c ****   *
 402:Drivers/STM32F4xx_HAL_Driver/Src/stm32f4xx_hal_gpio.c ****   * @param  GPIOx where x can be (A..K) to select the GPIO peripheral for STM32F429X device or
 403:Drivers/STM32F4xx_HAL_Driver/Src/stm32f4xx_hal_gpio.c ****   *                      x can be (A..I) to select the GPIO peripheral for STM32F40XX and STM32F427
 404:Drivers/STM32F4xx_HAL_Driver/Src/stm32f4xx_hal_gpio.c ****   * @param  GPIO_Pin specifies the port bit to be written.
 405:Drivers/STM32F4xx_HAL_Driver/Src/stm32f4xx_hal_gpio.c ****   *          This parameter can be one of GPIO_PIN_x where x can be (0..15).
 406:Drivers/STM32F4xx_HAL_Driver/Src/stm32f4xx_hal_gpio.c ****   * @param  PinState specifies the value to be written to the selected bit.
 407:Drivers/STM32F4xx_HAL_Driver/Src/stm32f4xx_hal_gpio.c ****   *          This parameter can be one of the GPIO_PinState enum values:
 408:Drivers/STM32F4xx_HAL_Driver/Src/stm32f4xx_hal_gpio.c ****   *            @arg GPIO_PIN_RESET: to clear the port pin
 409:Drivers/STM32F4xx_HAL_Driver/Src/stm32f4xx_hal_gpio.c ****   *            @arg GPIO_PIN_SET: to set the port pin
 410:Drivers/STM32F4xx_HAL_Driver/Src/stm32f4xx_hal_gpio.c ****   * @retval None
 411:Drivers/STM32F4xx_HAL_Driver/Src/stm32f4xx_hal_gpio.c ****   */
 412:Drivers/STM32F4xx_HAL_Driver/Src/stm32f4xx_hal_gpio.c **** void HAL_GPIO_WritePin(GPIO_TypeDef* GPIOx, uint16_t GPIO_Pin, GPIO_PinState PinState)
 413:Drivers/STM32F4xx_HAL_Driver/Src/stm32f4xx_hal_gpio.c **** {
 600              		.loc 1 413 0
 601              		.cfi_startproc
 602              		@ args = 0, pretend = 0, frame = 0
 603              		@ frame_needed = 0, uses_anonymous_args = 0
 604              		@ link register save eliminated.
 605              	.LVL65:
 414:Drivers/STM32F4xx_HAL_Driver/Src/stm32f4xx_hal_gpio.c ****   /* Check the parameters */
 415:Drivers/STM32F4xx_HAL_Driver/Src/stm32f4xx_hal_gpio.c ****   assert_param(IS_GPIO_PIN(GPIO_Pin));
 416:Drivers/STM32F4xx_HAL_Driver/Src/stm32f4xx_hal_gpio.c ****   assert_param(IS_GPIO_PIN_ACTION(PinState));
 417:Drivers/STM32F4xx_HAL_Driver/Src/stm32f4xx_hal_gpio.c **** 
 418:Drivers/STM32F4xx_HAL_Driver/Src/stm32f4xx_hal_gpio.c ****   if(PinState != GPIO_PIN_RESET)
 606              		.loc 1 418 0
 607 0000 0AB1     		cbz	r2, .L60
 419:Drivers/STM32F4xx_HAL_Driver/Src/stm32f4xx_hal_gpio.c ****   {
 420:Drivers/STM32F4xx_HAL_Driver/Src/stm32f4xx_hal_gpio.c ****     GPIOx->BSRR = GPIO_Pin;
 608              		.loc 1 420 0
 609 0002 8161     		str	r1, [r0, #24]
ARM GAS  /tmp/ccN9UZuI.s 			page 19


 610 0004 7047     		bx	lr
 611              	.L60:
 421:Drivers/STM32F4xx_HAL_Driver/Src/stm32f4xx_hal_gpio.c ****   }
 422:Drivers/STM32F4xx_HAL_Driver/Src/stm32f4xx_hal_gpio.c ****   else
 423:Drivers/STM32F4xx_HAL_Driver/Src/stm32f4xx_hal_gpio.c ****   {
 424:Drivers/STM32F4xx_HAL_Driver/Src/stm32f4xx_hal_gpio.c ****     GPIOx->BSRR = (uint32_t)GPIO_Pin << 16U;
 612              		.loc 1 424 0
 613 0006 0904     		lsls	r1, r1, #16
 614              	.LVL66:
 615 0008 8161     		str	r1, [r0, #24]
 616 000a 7047     		bx	lr
 617              		.cfi_endproc
 618              	.LFE133:
 620              		.section	.text.HAL_GPIO_TogglePin,"ax",%progbits
 621              		.align	2
 622              		.global	HAL_GPIO_TogglePin
 623              		.thumb
 624              		.thumb_func
 626              	HAL_GPIO_TogglePin:
 627              	.LFB134:
 425:Drivers/STM32F4xx_HAL_Driver/Src/stm32f4xx_hal_gpio.c ****   }
 426:Drivers/STM32F4xx_HAL_Driver/Src/stm32f4xx_hal_gpio.c **** }
 427:Drivers/STM32F4xx_HAL_Driver/Src/stm32f4xx_hal_gpio.c **** 
 428:Drivers/STM32F4xx_HAL_Driver/Src/stm32f4xx_hal_gpio.c **** /**
 429:Drivers/STM32F4xx_HAL_Driver/Src/stm32f4xx_hal_gpio.c ****   * @brief  Toggles the specified GPIO pins.
 430:Drivers/STM32F4xx_HAL_Driver/Src/stm32f4xx_hal_gpio.c ****   * @param  GPIOx Where x can be (A..K) to select the GPIO peripheral for STM32F429X device or
 431:Drivers/STM32F4xx_HAL_Driver/Src/stm32f4xx_hal_gpio.c ****   *                      x can be (A..I) to select the GPIO peripheral for STM32F40XX and STM32F427
 432:Drivers/STM32F4xx_HAL_Driver/Src/stm32f4xx_hal_gpio.c ****   * @param  GPIO_Pin Specifies the pins to be toggled.
 433:Drivers/STM32F4xx_HAL_Driver/Src/stm32f4xx_hal_gpio.c ****   * @retval None
 434:Drivers/STM32F4xx_HAL_Driver/Src/stm32f4xx_hal_gpio.c ****   */
 435:Drivers/STM32F4xx_HAL_Driver/Src/stm32f4xx_hal_gpio.c **** void HAL_GPIO_TogglePin(GPIO_TypeDef* GPIOx, uint16_t GPIO_Pin)
 436:Drivers/STM32F4xx_HAL_Driver/Src/stm32f4xx_hal_gpio.c **** {
 628              		.loc 1 436 0
 629              		.cfi_startproc
 630              		@ args = 0, pretend = 0, frame = 0
 631              		@ frame_needed = 0, uses_anonymous_args = 0
 632              		@ link register save eliminated.
 633              	.LVL67:
 437:Drivers/STM32F4xx_HAL_Driver/Src/stm32f4xx_hal_gpio.c ****   /* Check the parameters */
 438:Drivers/STM32F4xx_HAL_Driver/Src/stm32f4xx_hal_gpio.c ****   assert_param(IS_GPIO_PIN(GPIO_Pin));
 439:Drivers/STM32F4xx_HAL_Driver/Src/stm32f4xx_hal_gpio.c **** 
 440:Drivers/STM32F4xx_HAL_Driver/Src/stm32f4xx_hal_gpio.c ****   if ((GPIOx->ODR & GPIO_Pin) == GPIO_Pin)
 634              		.loc 1 440 0
 635 0000 4369     		ldr	r3, [r0, #20]
 636 0002 0B40     		ands	r3, r3, r1
 637 0004 9942     		cmp	r1, r3
 638 0006 02D1     		bne	.L63
 441:Drivers/STM32F4xx_HAL_Driver/Src/stm32f4xx_hal_gpio.c ****   {
 442:Drivers/STM32F4xx_HAL_Driver/Src/stm32f4xx_hal_gpio.c ****     GPIOx->BSRR = (uint32_t)GPIO_Pin << GPIO_NUMBER;
 639              		.loc 1 442 0
 640 0008 0904     		lsls	r1, r1, #16
 641              	.LVL68:
 642 000a 8161     		str	r1, [r0, #24]
 643 000c 7047     		bx	lr
 644              	.LVL69:
 645              	.L63:
 443:Drivers/STM32F4xx_HAL_Driver/Src/stm32f4xx_hal_gpio.c ****   }
ARM GAS  /tmp/ccN9UZuI.s 			page 20


 444:Drivers/STM32F4xx_HAL_Driver/Src/stm32f4xx_hal_gpio.c ****   else
 445:Drivers/STM32F4xx_HAL_Driver/Src/stm32f4xx_hal_gpio.c ****   {
 446:Drivers/STM32F4xx_HAL_Driver/Src/stm32f4xx_hal_gpio.c ****     GPIOx->BSRR = GPIO_Pin;
 646              		.loc 1 446 0
 647 000e 8161     		str	r1, [r0, #24]
 648 0010 7047     		bx	lr
 649              		.cfi_endproc
 650              	.LFE134:
 652 0012 00BF     		.section	.text.HAL_GPIO_LockPin,"ax",%progbits
 653              		.align	2
 654              		.global	HAL_GPIO_LockPin
 655              		.thumb
 656              		.thumb_func
 658              	HAL_GPIO_LockPin:
 659              	.LFB135:
 447:Drivers/STM32F4xx_HAL_Driver/Src/stm32f4xx_hal_gpio.c ****   }
 448:Drivers/STM32F4xx_HAL_Driver/Src/stm32f4xx_hal_gpio.c **** }
 449:Drivers/STM32F4xx_HAL_Driver/Src/stm32f4xx_hal_gpio.c **** 
 450:Drivers/STM32F4xx_HAL_Driver/Src/stm32f4xx_hal_gpio.c **** /**
 451:Drivers/STM32F4xx_HAL_Driver/Src/stm32f4xx_hal_gpio.c ****   * @brief  Locks GPIO Pins configuration registers.
 452:Drivers/STM32F4xx_HAL_Driver/Src/stm32f4xx_hal_gpio.c ****   * @note   The locked registers are GPIOx_MODER, GPIOx_OTYPER, GPIOx_OSPEEDR,
 453:Drivers/STM32F4xx_HAL_Driver/Src/stm32f4xx_hal_gpio.c ****   *         GPIOx_PUPDR, GPIOx_AFRL and GPIOx_AFRH.
 454:Drivers/STM32F4xx_HAL_Driver/Src/stm32f4xx_hal_gpio.c ****   * @note   The configuration of the locked GPIO pins can no longer be modified
 455:Drivers/STM32F4xx_HAL_Driver/Src/stm32f4xx_hal_gpio.c ****   *         until the next reset.
 456:Drivers/STM32F4xx_HAL_Driver/Src/stm32f4xx_hal_gpio.c ****   * @param  GPIOx where x can be (A..F) to select the GPIO peripheral for STM32F4 family
 457:Drivers/STM32F4xx_HAL_Driver/Src/stm32f4xx_hal_gpio.c ****   * @param  GPIO_Pin specifies the port bit to be locked.
 458:Drivers/STM32F4xx_HAL_Driver/Src/stm32f4xx_hal_gpio.c ****   *         This parameter can be any combination of GPIO_PIN_x where x can be (0..15).
 459:Drivers/STM32F4xx_HAL_Driver/Src/stm32f4xx_hal_gpio.c ****   * @retval None
 460:Drivers/STM32F4xx_HAL_Driver/Src/stm32f4xx_hal_gpio.c ****   */
 461:Drivers/STM32F4xx_HAL_Driver/Src/stm32f4xx_hal_gpio.c **** HAL_StatusTypeDef HAL_GPIO_LockPin(GPIO_TypeDef* GPIOx, uint16_t GPIO_Pin)
 462:Drivers/STM32F4xx_HAL_Driver/Src/stm32f4xx_hal_gpio.c **** {
 660              		.loc 1 462 0
 661              		.cfi_startproc
 662              		@ args = 0, pretend = 0, frame = 8
 663              		@ frame_needed = 0, uses_anonymous_args = 0
 664              		@ link register save eliminated.
 665              	.LVL70:
 666 0000 82B0     		sub	sp, sp, #8
 667              	.LCFI4:
 668              		.cfi_def_cfa_offset 8
 463:Drivers/STM32F4xx_HAL_Driver/Src/stm32f4xx_hal_gpio.c ****   __IO uint32_t tmp = GPIO_LCKR_LCKK;
 669              		.loc 1 463 0
 670 0002 4FF48033 		mov	r3, #65536
 671 0006 0193     		str	r3, [sp, #4]
 464:Drivers/STM32F4xx_HAL_Driver/Src/stm32f4xx_hal_gpio.c **** 
 465:Drivers/STM32F4xx_HAL_Driver/Src/stm32f4xx_hal_gpio.c ****   /* Check the parameters */
 466:Drivers/STM32F4xx_HAL_Driver/Src/stm32f4xx_hal_gpio.c ****   assert_param(IS_GPIO_PIN(GPIO_Pin));
 467:Drivers/STM32F4xx_HAL_Driver/Src/stm32f4xx_hal_gpio.c **** 
 468:Drivers/STM32F4xx_HAL_Driver/Src/stm32f4xx_hal_gpio.c ****   /* Apply lock key write sequence */
 469:Drivers/STM32F4xx_HAL_Driver/Src/stm32f4xx_hal_gpio.c ****   tmp |= GPIO_Pin;
 672              		.loc 1 469 0
 673 0008 019B     		ldr	r3, [sp, #4]
 674 000a 0B43     		orrs	r3, r3, r1
 675 000c 0193     		str	r3, [sp, #4]
 470:Drivers/STM32F4xx_HAL_Driver/Src/stm32f4xx_hal_gpio.c ****   /* Set LCKx bit(s): LCKK='1' + LCK[15-0] */
 471:Drivers/STM32F4xx_HAL_Driver/Src/stm32f4xx_hal_gpio.c ****   GPIOx->LCKR = tmp;
 676              		.loc 1 471 0
ARM GAS  /tmp/ccN9UZuI.s 			page 21


 677 000e 019B     		ldr	r3, [sp, #4]
 678 0010 C361     		str	r3, [r0, #28]
 472:Drivers/STM32F4xx_HAL_Driver/Src/stm32f4xx_hal_gpio.c ****   /* Reset LCKx bit(s): LCKK='0' + LCK[15-0] */
 473:Drivers/STM32F4xx_HAL_Driver/Src/stm32f4xx_hal_gpio.c ****   GPIOx->LCKR = GPIO_Pin;
 679              		.loc 1 473 0
 680 0012 C161     		str	r1, [r0, #28]
 474:Drivers/STM32F4xx_HAL_Driver/Src/stm32f4xx_hal_gpio.c ****   /* Set LCKx bit(s): LCKK='1' + LCK[15-0] */
 475:Drivers/STM32F4xx_HAL_Driver/Src/stm32f4xx_hal_gpio.c ****   GPIOx->LCKR = tmp;
 681              		.loc 1 475 0
 682 0014 019B     		ldr	r3, [sp, #4]
 683 0016 C361     		str	r3, [r0, #28]
 476:Drivers/STM32F4xx_HAL_Driver/Src/stm32f4xx_hal_gpio.c ****   /* Read LCKR register. This read is mandatory to complete key lock sequence */
 477:Drivers/STM32F4xx_HAL_Driver/Src/stm32f4xx_hal_gpio.c ****   tmp = GPIOx->LCKR;
 684              		.loc 1 477 0
 685 0018 C369     		ldr	r3, [r0, #28]
 686 001a 0193     		str	r3, [sp, #4]
 478:Drivers/STM32F4xx_HAL_Driver/Src/stm32f4xx_hal_gpio.c **** 
 479:Drivers/STM32F4xx_HAL_Driver/Src/stm32f4xx_hal_gpio.c ****   /* Read again in order to confirm lock is active */
 480:Drivers/STM32F4xx_HAL_Driver/Src/stm32f4xx_hal_gpio.c ****  if((GPIOx->LCKR & GPIO_LCKR_LCKK) != RESET)
 687              		.loc 1 480 0
 688 001c C369     		ldr	r3, [r0, #28]
 689 001e 13F4803F 		tst	r3, #65536
 690 0022 01D0     		beq	.L67
 481:Drivers/STM32F4xx_HAL_Driver/Src/stm32f4xx_hal_gpio.c ****   {
 482:Drivers/STM32F4xx_HAL_Driver/Src/stm32f4xx_hal_gpio.c ****     return HAL_OK;
 691              		.loc 1 482 0
 692 0024 0020     		movs	r0, #0
 693              	.LVL71:
 694 0026 00E0     		b	.L66
 695              	.LVL72:
 696              	.L67:
 483:Drivers/STM32F4xx_HAL_Driver/Src/stm32f4xx_hal_gpio.c ****   }
 484:Drivers/STM32F4xx_HAL_Driver/Src/stm32f4xx_hal_gpio.c ****   else
 485:Drivers/STM32F4xx_HAL_Driver/Src/stm32f4xx_hal_gpio.c ****   {
 486:Drivers/STM32F4xx_HAL_Driver/Src/stm32f4xx_hal_gpio.c ****     return HAL_ERROR;
 697              		.loc 1 486 0
 698 0028 0120     		movs	r0, #1
 699              	.LVL73:
 700              	.L66:
 487:Drivers/STM32F4xx_HAL_Driver/Src/stm32f4xx_hal_gpio.c ****   }
 488:Drivers/STM32F4xx_HAL_Driver/Src/stm32f4xx_hal_gpio.c **** }
 701              		.loc 1 488 0
 702 002a 02B0     		add	sp, sp, #8
 703              	.LCFI5:
 704              		.cfi_def_cfa_offset 0
 705              		@ sp needed
 706 002c 7047     		bx	lr
 707              		.cfi_endproc
 708              	.LFE135:
 710 002e 00BF     		.section	.text.HAL_GPIO_EXTI_Callback,"ax",%progbits
 711              		.align	2
 712              		.weak	HAL_GPIO_EXTI_Callback
 713              		.thumb
 714              		.thumb_func
 716              	HAL_GPIO_EXTI_Callback:
 717              	.LFB137:
 489:Drivers/STM32F4xx_HAL_Driver/Src/stm32f4xx_hal_gpio.c **** 
ARM GAS  /tmp/ccN9UZuI.s 			page 22


 490:Drivers/STM32F4xx_HAL_Driver/Src/stm32f4xx_hal_gpio.c **** /**
 491:Drivers/STM32F4xx_HAL_Driver/Src/stm32f4xx_hal_gpio.c ****   * @brief  This function handles EXTI interrupt request.
 492:Drivers/STM32F4xx_HAL_Driver/Src/stm32f4xx_hal_gpio.c ****   * @param  GPIO_Pin Specifies the pins connected EXTI line
 493:Drivers/STM32F4xx_HAL_Driver/Src/stm32f4xx_hal_gpio.c ****   * @retval None
 494:Drivers/STM32F4xx_HAL_Driver/Src/stm32f4xx_hal_gpio.c ****   */
 495:Drivers/STM32F4xx_HAL_Driver/Src/stm32f4xx_hal_gpio.c **** void HAL_GPIO_EXTI_IRQHandler(uint16_t GPIO_Pin)
 496:Drivers/STM32F4xx_HAL_Driver/Src/stm32f4xx_hal_gpio.c **** {
 497:Drivers/STM32F4xx_HAL_Driver/Src/stm32f4xx_hal_gpio.c ****   /* EXTI line interrupt detected */
 498:Drivers/STM32F4xx_HAL_Driver/Src/stm32f4xx_hal_gpio.c ****   if(__HAL_GPIO_EXTI_GET_IT(GPIO_Pin) != RESET)
 499:Drivers/STM32F4xx_HAL_Driver/Src/stm32f4xx_hal_gpio.c ****   {
 500:Drivers/STM32F4xx_HAL_Driver/Src/stm32f4xx_hal_gpio.c ****     __HAL_GPIO_EXTI_CLEAR_IT(GPIO_Pin);
 501:Drivers/STM32F4xx_HAL_Driver/Src/stm32f4xx_hal_gpio.c ****     HAL_GPIO_EXTI_Callback(GPIO_Pin);
 502:Drivers/STM32F4xx_HAL_Driver/Src/stm32f4xx_hal_gpio.c ****   }
 503:Drivers/STM32F4xx_HAL_Driver/Src/stm32f4xx_hal_gpio.c **** }
 504:Drivers/STM32F4xx_HAL_Driver/Src/stm32f4xx_hal_gpio.c **** 
 505:Drivers/STM32F4xx_HAL_Driver/Src/stm32f4xx_hal_gpio.c **** /**
 506:Drivers/STM32F4xx_HAL_Driver/Src/stm32f4xx_hal_gpio.c ****   * @brief  EXTI line detection callbacks.
 507:Drivers/STM32F4xx_HAL_Driver/Src/stm32f4xx_hal_gpio.c ****   * @param  GPIO_Pin Specifies the pins connected EXTI line
 508:Drivers/STM32F4xx_HAL_Driver/Src/stm32f4xx_hal_gpio.c ****   * @retval None
 509:Drivers/STM32F4xx_HAL_Driver/Src/stm32f4xx_hal_gpio.c ****   */
 510:Drivers/STM32F4xx_HAL_Driver/Src/stm32f4xx_hal_gpio.c **** __weak void HAL_GPIO_EXTI_Callback(uint16_t GPIO_Pin)
 511:Drivers/STM32F4xx_HAL_Driver/Src/stm32f4xx_hal_gpio.c **** {
 718              		.loc 1 511 0
 719              		.cfi_startproc
 720              		@ args = 0, pretend = 0, frame = 0
 721              		@ frame_needed = 0, uses_anonymous_args = 0
 722              		@ link register save eliminated.
 723              	.LVL74:
 724 0000 7047     		bx	lr
 725              		.cfi_endproc
 726              	.LFE137:
 728 0002 00BF     		.section	.text.HAL_GPIO_EXTI_IRQHandler,"ax",%progbits
 729              		.align	2
 730              		.global	HAL_GPIO_EXTI_IRQHandler
 731              		.thumb
 732              		.thumb_func
 734              	HAL_GPIO_EXTI_IRQHandler:
 735              	.LFB136:
 496:Drivers/STM32F4xx_HAL_Driver/Src/stm32f4xx_hal_gpio.c ****   /* EXTI line interrupt detected */
 736              		.loc 1 496 0
 737              		.cfi_startproc
 738              		@ args = 0, pretend = 0, frame = 0
 739              		@ frame_needed = 0, uses_anonymous_args = 0
 740              	.LVL75:
 496:Drivers/STM32F4xx_HAL_Driver/Src/stm32f4xx_hal_gpio.c ****   /* EXTI line interrupt detected */
 741              		.loc 1 496 0
 742 0000 08B5     		push	{r3, lr}
 743              	.LCFI6:
 744              		.cfi_def_cfa_offset 8
 745              		.cfi_offset 3, -8
 746              		.cfi_offset 14, -4
 498:Drivers/STM32F4xx_HAL_Driver/Src/stm32f4xx_hal_gpio.c ****   {
 747              		.loc 1 498 0
 748 0002 044B     		ldr	r3, .L73
 749 0004 5B69     		ldr	r3, [r3, #20]
 750 0006 0342     		tst	r3, r0
 751 0008 03D0     		beq	.L70
ARM GAS  /tmp/ccN9UZuI.s 			page 23


 500:Drivers/STM32F4xx_HAL_Driver/Src/stm32f4xx_hal_gpio.c ****     HAL_GPIO_EXTI_Callback(GPIO_Pin);
 752              		.loc 1 500 0
 753 000a 024B     		ldr	r3, .L73
 754 000c 5861     		str	r0, [r3, #20]
 501:Drivers/STM32F4xx_HAL_Driver/Src/stm32f4xx_hal_gpio.c ****   }
 755              		.loc 1 501 0
 756 000e FFF7FEFF 		bl	HAL_GPIO_EXTI_Callback
 757              	.LVL76:
 758              	.L70:
 759 0012 08BD     		pop	{r3, pc}
 760              	.L74:
 761              		.align	2
 762              	.L73:
 763 0014 003C0140 		.word	1073822720
 764              		.cfi_endproc
 765              	.LFE136:
 767              		.text
 768              	.Letext0:
 769              		.file 2 "/usr/include/newlib/machine/_default_types.h"
 770              		.file 3 "/usr/include/newlib/sys/_stdint.h"
 771              		.file 4 "Drivers/CMSIS/Device/ST/STM32F4xx/Include/stm32f405xx.h"
 772              		.file 5 "Drivers/CMSIS/Device/ST/STM32F4xx/Include/stm32f4xx.h"
 773              		.file 6 "Drivers/STM32F4xx_HAL_Driver/Inc/stm32f4xx_hal_def.h"
 774              		.file 7 "Drivers/STM32F4xx_HAL_Driver/Inc/stm32f4xx_hal_gpio.h"
 775              		.file 8 "Drivers/CMSIS/Include/core_cm4.h"
ARM GAS  /tmp/ccN9UZuI.s 			page 24


DEFINED SYMBOLS
                            *ABS*:0000000000000000 stm32f4xx_hal_gpio.c
     /tmp/ccN9UZuI.s:21     .text.HAL_GPIO_Init:0000000000000000 $t
     /tmp/ccN9UZuI.s:26     .text.HAL_GPIO_Init:0000000000000000 HAL_GPIO_Init
     /tmp/ccN9UZuI.s:359    .text.HAL_GPIO_Init:00000000000001b8 $d
     /tmp/ccN9UZuI.s:367    .text.HAL_GPIO_DeInit:0000000000000000 $t
     /tmp/ccN9UZuI.s:372    .text.HAL_GPIO_DeInit:0000000000000000 HAL_GPIO_DeInit
     /tmp/ccN9UZuI.s:554    .text.HAL_GPIO_DeInit:0000000000000124 $d
     /tmp/ccN9UZuI.s:561    .text.HAL_GPIO_ReadPin:0000000000000000 $t
     /tmp/ccN9UZuI.s:566    .text.HAL_GPIO_ReadPin:0000000000000000 HAL_GPIO_ReadPin
     /tmp/ccN9UZuI.s:593    .text.HAL_GPIO_WritePin:0000000000000000 $t
     /tmp/ccN9UZuI.s:598    .text.HAL_GPIO_WritePin:0000000000000000 HAL_GPIO_WritePin
     /tmp/ccN9UZuI.s:621    .text.HAL_GPIO_TogglePin:0000000000000000 $t
     /tmp/ccN9UZuI.s:626    .text.HAL_GPIO_TogglePin:0000000000000000 HAL_GPIO_TogglePin
     /tmp/ccN9UZuI.s:653    .text.HAL_GPIO_LockPin:0000000000000000 $t
     /tmp/ccN9UZuI.s:658    .text.HAL_GPIO_LockPin:0000000000000000 HAL_GPIO_LockPin
     /tmp/ccN9UZuI.s:711    .text.HAL_GPIO_EXTI_Callback:0000000000000000 $t
     /tmp/ccN9UZuI.s:716    .text.HAL_GPIO_EXTI_Callback:0000000000000000 HAL_GPIO_EXTI_Callback
     /tmp/ccN9UZuI.s:729    .text.HAL_GPIO_EXTI_IRQHandler:0000000000000000 $t
     /tmp/ccN9UZuI.s:734    .text.HAL_GPIO_EXTI_IRQHandler:0000000000000000 HAL_GPIO_EXTI_IRQHandler
     /tmp/ccN9UZuI.s:763    .text.HAL_GPIO_EXTI_IRQHandler:0000000000000014 $d
                     .debug_frame:0000000000000010 $d

NO UNDEFINED SYMBOLS
