ARM GAS  /tmp/ccSMkJZF.s 			page 1


   1              		.syntax unified
   2              		.cpu cortex-m4
   3              		.eabi_attribute 27, 1
   4              		.eabi_attribute 28, 1
   5              		.fpu fpv4-sp-d16
   6              		.eabi_attribute 20, 1
   7              		.eabi_attribute 21, 1
   8              		.eabi_attribute 23, 3
   9              		.eabi_attribute 24, 1
  10              		.eabi_attribute 25, 1
  11              		.eabi_attribute 26, 1
  12              		.eabi_attribute 30, 1
  13              		.eabi_attribute 34, 1
  14              		.eabi_attribute 18, 4
  15              		.thumb
  16              		.file	"stm32f4xx_it.c"
  17              		.text
  18              	.Ltext0:
  19              		.cfi_sections	.debug_frame
  20              		.section	.text.NMI_Handler,"ax",%progbits
  21              		.align	2
  22              		.global	NMI_Handler
  23              		.thumb
  24              		.thumb_func
  26              	NMI_Handler:
  27              	.LFB130:
  28              		.file 1 "Src/stm32f4xx_it.c"
   1:Src/stm32f4xx_it.c **** /* USER CODE BEGIN Header */
   2:Src/stm32f4xx_it.c **** /**
   3:Src/stm32f4xx_it.c ****   ******************************************************************************
   4:Src/stm32f4xx_it.c ****   * @file    stm32f4xx_it.c
   5:Src/stm32f4xx_it.c ****   * @brief   Interrupt Service Routines.
   6:Src/stm32f4xx_it.c ****   ******************************************************************************
   7:Src/stm32f4xx_it.c ****   * @attention
   8:Src/stm32f4xx_it.c ****   *
   9:Src/stm32f4xx_it.c ****   * <h2><center>&copy; Copyright (c) 2019 STMicroelectronics.
  10:Src/stm32f4xx_it.c ****   * All rights reserved.</center></h2>
  11:Src/stm32f4xx_it.c ****   *
  12:Src/stm32f4xx_it.c ****   * This software component is licensed by ST under BSD 3-Clause license,
  13:Src/stm32f4xx_it.c ****   * the "License"; You may not use this file except in compliance with the
  14:Src/stm32f4xx_it.c ****   * License. You may obtain a copy of the License at:
  15:Src/stm32f4xx_it.c ****   *                        opensource.org/licenses/BSD-3-Clause
  16:Src/stm32f4xx_it.c ****   *
  17:Src/stm32f4xx_it.c ****   ******************************************************************************
  18:Src/stm32f4xx_it.c ****   */
  19:Src/stm32f4xx_it.c **** /* USER CODE END Header */
  20:Src/stm32f4xx_it.c **** 
  21:Src/stm32f4xx_it.c **** /* Includes ------------------------------------------------------------------*/
  22:Src/stm32f4xx_it.c **** #include "main.h"
  23:Src/stm32f4xx_it.c **** #include "stm32f4xx_it.h"
  24:Src/stm32f4xx_it.c **** /* Private includes ----------------------------------------------------------*/
  25:Src/stm32f4xx_it.c **** /* USER CODE BEGIN Includes */
  26:Src/stm32f4xx_it.c **** /* USER CODE END Includes */
  27:Src/stm32f4xx_it.c **** 
  28:Src/stm32f4xx_it.c **** /* Private typedef -----------------------------------------------------------*/
  29:Src/stm32f4xx_it.c **** /* USER CODE BEGIN TD */
  30:Src/stm32f4xx_it.c **** 
ARM GAS  /tmp/ccSMkJZF.s 			page 2


  31:Src/stm32f4xx_it.c **** /* USER CODE END TD */
  32:Src/stm32f4xx_it.c **** 
  33:Src/stm32f4xx_it.c **** /* Private define ------------------------------------------------------------*/
  34:Src/stm32f4xx_it.c **** /* USER CODE BEGIN PD */
  35:Src/stm32f4xx_it.c ****  
  36:Src/stm32f4xx_it.c **** /* USER CODE END PD */
  37:Src/stm32f4xx_it.c **** 
  38:Src/stm32f4xx_it.c **** /* Private macro -------------------------------------------------------------*/
  39:Src/stm32f4xx_it.c **** /* USER CODE BEGIN PM */
  40:Src/stm32f4xx_it.c **** 
  41:Src/stm32f4xx_it.c **** /* USER CODE END PM */
  42:Src/stm32f4xx_it.c **** 
  43:Src/stm32f4xx_it.c **** /* Private variables ---------------------------------------------------------*/
  44:Src/stm32f4xx_it.c **** /* USER CODE BEGIN PV */
  45:Src/stm32f4xx_it.c **** 
  46:Src/stm32f4xx_it.c **** /* USER CODE END PV */
  47:Src/stm32f4xx_it.c **** 
  48:Src/stm32f4xx_it.c **** /* Private function prototypes -----------------------------------------------*/
  49:Src/stm32f4xx_it.c **** /* USER CODE BEGIN PFP */
  50:Src/stm32f4xx_it.c **** 
  51:Src/stm32f4xx_it.c **** /* USER CODE END PFP */
  52:Src/stm32f4xx_it.c **** 
  53:Src/stm32f4xx_it.c **** /* Private user code ---------------------------------------------------------*/
  54:Src/stm32f4xx_it.c **** /* USER CODE BEGIN 0 */
  55:Src/stm32f4xx_it.c **** 
  56:Src/stm32f4xx_it.c **** /* USER CODE END 0 */
  57:Src/stm32f4xx_it.c **** 
  58:Src/stm32f4xx_it.c **** /* External variables --------------------------------------------------------*/
  59:Src/stm32f4xx_it.c **** extern TIM_HandleTypeDef htim3;
  60:Src/stm32f4xx_it.c **** /* USER CODE BEGIN EV */
  61:Src/stm32f4xx_it.c **** 
  62:Src/stm32f4xx_it.c **** /* USER CODE END EV */
  63:Src/stm32f4xx_it.c **** 
  64:Src/stm32f4xx_it.c **** /******************************************************************************/
  65:Src/stm32f4xx_it.c **** /*           Cortex-M4 Processor Interruption and Exception Handlers          */ 
  66:Src/stm32f4xx_it.c **** /******************************************************************************/
  67:Src/stm32f4xx_it.c **** /**
  68:Src/stm32f4xx_it.c ****   * @brief This function handles Non maskable interrupt.
  69:Src/stm32f4xx_it.c ****   */
  70:Src/stm32f4xx_it.c **** void NMI_Handler(void)
  71:Src/stm32f4xx_it.c **** {
  29              		.loc 1 71 0
  30              		.cfi_startproc
  31              		@ args = 0, pretend = 0, frame = 0
  32              		@ frame_needed = 0, uses_anonymous_args = 0
  33              		@ link register save eliminated.
  34 0000 7047     		bx	lr
  35              		.cfi_endproc
  36              	.LFE130:
  38 0002 00BF     		.section	.text.HardFault_Handler,"ax",%progbits
  39              		.align	2
  40              		.global	HardFault_Handler
  41              		.thumb
  42              		.thumb_func
  44              	HardFault_Handler:
  45              	.LFB131:
  72:Src/stm32f4xx_it.c ****   /* USER CODE BEGIN NonMaskableInt_IRQn 0 */
ARM GAS  /tmp/ccSMkJZF.s 			page 3


  73:Src/stm32f4xx_it.c **** 
  74:Src/stm32f4xx_it.c ****   /* USER CODE END NonMaskableInt_IRQn 0 */
  75:Src/stm32f4xx_it.c ****   /* USER CODE BEGIN NonMaskableInt_IRQn 1 */
  76:Src/stm32f4xx_it.c **** 
  77:Src/stm32f4xx_it.c ****   /* USER CODE END NonMaskableInt_IRQn 1 */
  78:Src/stm32f4xx_it.c **** }
  79:Src/stm32f4xx_it.c **** 
  80:Src/stm32f4xx_it.c **** /**
  81:Src/stm32f4xx_it.c ****   * @brief This function handles Hard fault interrupt.
  82:Src/stm32f4xx_it.c ****   */
  83:Src/stm32f4xx_it.c **** void HardFault_Handler(void)
  84:Src/stm32f4xx_it.c **** {
  46              		.loc 1 84 0
  47              		.cfi_startproc
  48              		@ Volatile: function does not return.
  49              		@ args = 0, pretend = 0, frame = 0
  50              		@ frame_needed = 0, uses_anonymous_args = 0
  51              		@ link register save eliminated.
  52              	.L3:
  85:Src/stm32f4xx_it.c ****   /* USER CODE BEGIN HardFault_IRQn 0 */
  86:Src/stm32f4xx_it.c **** 
  87:Src/stm32f4xx_it.c ****   /* USER CODE END HardFault_IRQn 0 */
  88:Src/stm32f4xx_it.c ****   while (1)
  89:Src/stm32f4xx_it.c ****   {
  90:Src/stm32f4xx_it.c ****     /* USER CODE BEGIN W1_HardFault_IRQn 0 */
  91:Src/stm32f4xx_it.c ****     /* USER CODE END W1_HardFault_IRQn 0 */
  92:Src/stm32f4xx_it.c ****   }
  53              		.loc 1 92 0 discriminator 1
  54 0000 FEE7     		b	.L3
  55              		.cfi_endproc
  56              	.LFE131:
  58 0002 00BF     		.section	.text.MemManage_Handler,"ax",%progbits
  59              		.align	2
  60              		.global	MemManage_Handler
  61              		.thumb
  62              		.thumb_func
  64              	MemManage_Handler:
  65              	.LFB132:
  93:Src/stm32f4xx_it.c **** }
  94:Src/stm32f4xx_it.c **** 
  95:Src/stm32f4xx_it.c **** /**
  96:Src/stm32f4xx_it.c ****   * @brief This function handles Memory management fault.
  97:Src/stm32f4xx_it.c ****   */
  98:Src/stm32f4xx_it.c **** void MemManage_Handler(void)
  99:Src/stm32f4xx_it.c **** {
  66              		.loc 1 99 0
  67              		.cfi_startproc
  68              		@ Volatile: function does not return.
  69              		@ args = 0, pretend = 0, frame = 0
  70              		@ frame_needed = 0, uses_anonymous_args = 0
  71              		@ link register save eliminated.
  72              	.L5:
 100:Src/stm32f4xx_it.c ****   /* USER CODE BEGIN MemoryManagement_IRQn 0 */
 101:Src/stm32f4xx_it.c **** 
 102:Src/stm32f4xx_it.c ****   /* USER CODE END MemoryManagement_IRQn 0 */
 103:Src/stm32f4xx_it.c ****   while (1)
 104:Src/stm32f4xx_it.c ****   {
ARM GAS  /tmp/ccSMkJZF.s 			page 4


 105:Src/stm32f4xx_it.c ****     /* USER CODE BEGIN W1_MemoryManagement_IRQn 0 */
 106:Src/stm32f4xx_it.c ****     /* USER CODE END W1_MemoryManagement_IRQn 0 */
 107:Src/stm32f4xx_it.c ****   }
  73              		.loc 1 107 0 discriminator 1
  74 0000 FEE7     		b	.L5
  75              		.cfi_endproc
  76              	.LFE132:
  78 0002 00BF     		.section	.text.BusFault_Handler,"ax",%progbits
  79              		.align	2
  80              		.global	BusFault_Handler
  81              		.thumb
  82              		.thumb_func
  84              	BusFault_Handler:
  85              	.LFB133:
 108:Src/stm32f4xx_it.c **** }
 109:Src/stm32f4xx_it.c **** 
 110:Src/stm32f4xx_it.c **** /**
 111:Src/stm32f4xx_it.c ****   * @brief This function handles Pre-fetch fault, memory access fault.
 112:Src/stm32f4xx_it.c ****   */
 113:Src/stm32f4xx_it.c **** void BusFault_Handler(void)
 114:Src/stm32f4xx_it.c **** {
  86              		.loc 1 114 0
  87              		.cfi_startproc
  88              		@ Volatile: function does not return.
  89              		@ args = 0, pretend = 0, frame = 0
  90              		@ frame_needed = 0, uses_anonymous_args = 0
  91              		@ link register save eliminated.
  92              	.L7:
 115:Src/stm32f4xx_it.c ****   /* USER CODE BEGIN BusFault_IRQn 0 */
 116:Src/stm32f4xx_it.c **** 
 117:Src/stm32f4xx_it.c ****   /* USER CODE END BusFault_IRQn 0 */
 118:Src/stm32f4xx_it.c ****   while (1)
 119:Src/stm32f4xx_it.c ****   {
 120:Src/stm32f4xx_it.c ****     /* USER CODE BEGIN W1_BusFault_IRQn 0 */
 121:Src/stm32f4xx_it.c ****     /* USER CODE END W1_BusFault_IRQn 0 */
 122:Src/stm32f4xx_it.c ****   }
  93              		.loc 1 122 0 discriminator 1
  94 0000 FEE7     		b	.L7
  95              		.cfi_endproc
  96              	.LFE133:
  98 0002 00BF     		.section	.text.UsageFault_Handler,"ax",%progbits
  99              		.align	2
 100              		.global	UsageFault_Handler
 101              		.thumb
 102              		.thumb_func
 104              	UsageFault_Handler:
 105              	.LFB134:
 123:Src/stm32f4xx_it.c **** }
 124:Src/stm32f4xx_it.c **** 
 125:Src/stm32f4xx_it.c **** /**
 126:Src/stm32f4xx_it.c ****   * @brief This function handles Undefined instruction or illegal state.
 127:Src/stm32f4xx_it.c ****   */
 128:Src/stm32f4xx_it.c **** void UsageFault_Handler(void)
 129:Src/stm32f4xx_it.c **** {
 106              		.loc 1 129 0
 107              		.cfi_startproc
 108              		@ Volatile: function does not return.
ARM GAS  /tmp/ccSMkJZF.s 			page 5


 109              		@ args = 0, pretend = 0, frame = 0
 110              		@ frame_needed = 0, uses_anonymous_args = 0
 111              		@ link register save eliminated.
 112              	.L9:
 130:Src/stm32f4xx_it.c ****   /* USER CODE BEGIN UsageFault_IRQn 0 */
 131:Src/stm32f4xx_it.c **** 
 132:Src/stm32f4xx_it.c ****   /* USER CODE END UsageFault_IRQn 0 */
 133:Src/stm32f4xx_it.c ****   while (1)
 134:Src/stm32f4xx_it.c ****   {
 135:Src/stm32f4xx_it.c ****     /* USER CODE BEGIN W1_UsageFault_IRQn 0 */
 136:Src/stm32f4xx_it.c ****     /* USER CODE END W1_UsageFault_IRQn 0 */
 137:Src/stm32f4xx_it.c ****   }
 113              		.loc 1 137 0 discriminator 1
 114 0000 FEE7     		b	.L9
 115              		.cfi_endproc
 116              	.LFE134:
 118 0002 00BF     		.section	.text.SVC_Handler,"ax",%progbits
 119              		.align	2
 120              		.global	SVC_Handler
 121              		.thumb
 122              		.thumb_func
 124              	SVC_Handler:
 125              	.LFB135:
 138:Src/stm32f4xx_it.c **** }
 139:Src/stm32f4xx_it.c **** 
 140:Src/stm32f4xx_it.c **** /**
 141:Src/stm32f4xx_it.c ****   * @brief This function handles System service call via SWI instruction.
 142:Src/stm32f4xx_it.c ****   */
 143:Src/stm32f4xx_it.c **** void SVC_Handler(void)
 144:Src/stm32f4xx_it.c **** {
 126              		.loc 1 144 0
 127              		.cfi_startproc
 128              		@ args = 0, pretend = 0, frame = 0
 129              		@ frame_needed = 0, uses_anonymous_args = 0
 130              		@ link register save eliminated.
 131 0000 7047     		bx	lr
 132              		.cfi_endproc
 133              	.LFE135:
 135 0002 00BF     		.section	.text.DebugMon_Handler,"ax",%progbits
 136              		.align	2
 137              		.global	DebugMon_Handler
 138              		.thumb
 139              		.thumb_func
 141              	DebugMon_Handler:
 142              	.LFB136:
 145:Src/stm32f4xx_it.c ****   /* USER CODE BEGIN SVCall_IRQn 0 */
 146:Src/stm32f4xx_it.c **** 
 147:Src/stm32f4xx_it.c ****   /* USER CODE END SVCall_IRQn 0 */
 148:Src/stm32f4xx_it.c ****   /* USER CODE BEGIN SVCall_IRQn 1 */
 149:Src/stm32f4xx_it.c **** 
 150:Src/stm32f4xx_it.c ****   /* USER CODE END SVCall_IRQn 1 */
 151:Src/stm32f4xx_it.c **** }
 152:Src/stm32f4xx_it.c **** 
 153:Src/stm32f4xx_it.c **** /**
 154:Src/stm32f4xx_it.c ****   * @brief This function handles Debug monitor.
 155:Src/stm32f4xx_it.c ****   */
 156:Src/stm32f4xx_it.c **** void DebugMon_Handler(void)
ARM GAS  /tmp/ccSMkJZF.s 			page 6


 157:Src/stm32f4xx_it.c **** {
 143              		.loc 1 157 0
 144              		.cfi_startproc
 145              		@ args = 0, pretend = 0, frame = 0
 146              		@ frame_needed = 0, uses_anonymous_args = 0
 147              		@ link register save eliminated.
 148 0000 7047     		bx	lr
 149              		.cfi_endproc
 150              	.LFE136:
 152 0002 00BF     		.section	.text.PendSV_Handler,"ax",%progbits
 153              		.align	2
 154              		.global	PendSV_Handler
 155              		.thumb
 156              		.thumb_func
 158              	PendSV_Handler:
 159              	.LFB137:
 158:Src/stm32f4xx_it.c ****   /* USER CODE BEGIN DebugMonitor_IRQn 0 */
 159:Src/stm32f4xx_it.c **** 
 160:Src/stm32f4xx_it.c ****   /* USER CODE END DebugMonitor_IRQn 0 */
 161:Src/stm32f4xx_it.c ****   /* USER CODE BEGIN DebugMonitor_IRQn 1 */
 162:Src/stm32f4xx_it.c **** 
 163:Src/stm32f4xx_it.c ****   /* USER CODE END DebugMonitor_IRQn 1 */
 164:Src/stm32f4xx_it.c **** }
 165:Src/stm32f4xx_it.c **** 
 166:Src/stm32f4xx_it.c **** /**
 167:Src/stm32f4xx_it.c ****   * @brief This function handles Pendable request for system service.
 168:Src/stm32f4xx_it.c ****   */
 169:Src/stm32f4xx_it.c **** void PendSV_Handler(void)
 170:Src/stm32f4xx_it.c **** {
 160              		.loc 1 170 0
 161              		.cfi_startproc
 162              		@ args = 0, pretend = 0, frame = 0
 163              		@ frame_needed = 0, uses_anonymous_args = 0
 164              		@ link register save eliminated.
 165 0000 7047     		bx	lr
 166              		.cfi_endproc
 167              	.LFE137:
 169 0002 00BF     		.section	.text.SysTick_Handler,"ax",%progbits
 170              		.align	2
 171              		.global	SysTick_Handler
 172              		.thumb
 173              		.thumb_func
 175              	SysTick_Handler:
 176              	.LFB138:
 171:Src/stm32f4xx_it.c ****   /* USER CODE BEGIN PendSV_IRQn 0 */
 172:Src/stm32f4xx_it.c **** 
 173:Src/stm32f4xx_it.c ****   /* USER CODE END PendSV_IRQn 0 */
 174:Src/stm32f4xx_it.c ****   /* USER CODE BEGIN PendSV_IRQn 1 */
 175:Src/stm32f4xx_it.c **** 
 176:Src/stm32f4xx_it.c ****   /* USER CODE END PendSV_IRQn 1 */
 177:Src/stm32f4xx_it.c **** }
 178:Src/stm32f4xx_it.c **** 
 179:Src/stm32f4xx_it.c **** /**
 180:Src/stm32f4xx_it.c ****   * @brief This function handles System tick timer.
 181:Src/stm32f4xx_it.c ****   */
 182:Src/stm32f4xx_it.c **** void SysTick_Handler(void)
 183:Src/stm32f4xx_it.c **** {
ARM GAS  /tmp/ccSMkJZF.s 			page 7


 177              		.loc 1 183 0
 178              		.cfi_startproc
 179              		@ args = 0, pretend = 0, frame = 0
 180              		@ frame_needed = 0, uses_anonymous_args = 0
 181              		.loc 1 183 0
 182 0000 08B5     		push	{r3, lr}
 183              	.LCFI0:
 184              		.cfi_def_cfa_offset 8
 185              		.cfi_offset 3, -8
 186              		.cfi_offset 14, -4
 184:Src/stm32f4xx_it.c ****   /* USER CODE BEGIN SysTick_IRQn 0 */
 185:Src/stm32f4xx_it.c **** 
 186:Src/stm32f4xx_it.c ****   /* USER CODE END SysTick_IRQn 0 */
 187:Src/stm32f4xx_it.c ****   HAL_IncTick();
 187              		.loc 1 187 0
 188 0002 FFF7FEFF 		bl	HAL_IncTick
 189              	.LVL0:
 190 0006 08BD     		pop	{r3, pc}
 191              		.cfi_endproc
 192              	.LFE138:
 194              		.section	.text.TIM3_IRQHandler,"ax",%progbits
 195              		.align	2
 196              		.global	TIM3_IRQHandler
 197              		.thumb
 198              		.thumb_func
 200              	TIM3_IRQHandler:
 201              	.LFB139:
 188:Src/stm32f4xx_it.c ****   /* USER CODE BEGIN SysTick_IRQn 1 */
 189:Src/stm32f4xx_it.c **** 
 190:Src/stm32f4xx_it.c ****   /* USER CODE END SysTick_IRQn 1 */
 191:Src/stm32f4xx_it.c **** }
 192:Src/stm32f4xx_it.c **** 
 193:Src/stm32f4xx_it.c **** /******************************************************************************/
 194:Src/stm32f4xx_it.c **** /* STM32F4xx Peripheral Interrupt Handlers                                    */
 195:Src/stm32f4xx_it.c **** /* Add here the Interrupt Handlers for the used peripherals.                  */
 196:Src/stm32f4xx_it.c **** /* For the available peripheral interrupt handler names,                      */
 197:Src/stm32f4xx_it.c **** /* please refer to the startup file (startup_stm32f4xx.s).                    */
 198:Src/stm32f4xx_it.c **** /******************************************************************************/
 199:Src/stm32f4xx_it.c **** 
 200:Src/stm32f4xx_it.c **** /**
 201:Src/stm32f4xx_it.c ****   * @brief This function handles TIM3 global interrupt.
 202:Src/stm32f4xx_it.c ****   */
 203:Src/stm32f4xx_it.c **** void TIM3_IRQHandler(void)
 204:Src/stm32f4xx_it.c **** {
 202              		.loc 1 204 0
 203              		.cfi_startproc
 204              		@ args = 0, pretend = 0, frame = 0
 205              		@ frame_needed = 0, uses_anonymous_args = 0
 206 0000 08B5     		push	{r3, lr}
 207              	.LCFI1:
 208              		.cfi_def_cfa_offset 8
 209              		.cfi_offset 3, -8
 210              		.cfi_offset 14, -4
 205:Src/stm32f4xx_it.c ****   /* USER CODE BEGIN TIM3_IRQn 0 */
 206:Src/stm32f4xx_it.c **** 
 207:Src/stm32f4xx_it.c ****   /* USER CODE END TIM3_IRQn 0 */
 208:Src/stm32f4xx_it.c ****   HAL_TIM_IRQHandler(&htim3);
ARM GAS  /tmp/ccSMkJZF.s 			page 8


 211              		.loc 1 208 0
 212 0002 0248     		ldr	r0, .L17
 213 0004 FFF7FEFF 		bl	HAL_TIM_IRQHandler
 214              	.LVL1:
 215 0008 08BD     		pop	{r3, pc}
 216              	.L18:
 217 000a 00BF     		.align	2
 218              	.L17:
 219 000c 00000000 		.word	htim3
 220              		.cfi_endproc
 221              	.LFE139:
 223              		.text
 224              	.Letext0:
 225              		.file 2 "/usr/include/newlib/machine/_default_types.h"
 226              		.file 3 "/usr/include/newlib/sys/_stdint.h"
 227              		.file 4 "Drivers/CMSIS/Device/ST/STM32F4xx/Include/stm32f405xx.h"
 228              		.file 5 "Drivers/STM32F4xx_HAL_Driver/Inc/stm32f4xx_hal_def.h"
 229              		.file 6 "Drivers/STM32F4xx_HAL_Driver/Inc/stm32f4xx_hal_dma.h"
 230              		.file 7 "Drivers/STM32F4xx_HAL_Driver/Inc/stm32f4xx_hal_tim.h"
 231              		.file 8 "Drivers/CMSIS/Include/core_cm4.h"
 232              		.file 9 "Drivers/STM32F4xx_HAL_Driver/Inc/stm32f4xx_hal.h"
ARM GAS  /tmp/ccSMkJZF.s 			page 9


DEFINED SYMBOLS
                            *ABS*:0000000000000000 stm32f4xx_it.c
     /tmp/ccSMkJZF.s:21     .text.NMI_Handler:0000000000000000 $t
     /tmp/ccSMkJZF.s:26     .text.NMI_Handler:0000000000000000 NMI_Handler
     /tmp/ccSMkJZF.s:39     .text.HardFault_Handler:0000000000000000 $t
     /tmp/ccSMkJZF.s:44     .text.HardFault_Handler:0000000000000000 HardFault_Handler
     /tmp/ccSMkJZF.s:59     .text.MemManage_Handler:0000000000000000 $t
     /tmp/ccSMkJZF.s:64     .text.MemManage_Handler:0000000000000000 MemManage_Handler
     /tmp/ccSMkJZF.s:79     .text.BusFault_Handler:0000000000000000 $t
     /tmp/ccSMkJZF.s:84     .text.BusFault_Handler:0000000000000000 BusFault_Handler
     /tmp/ccSMkJZF.s:99     .text.UsageFault_Handler:0000000000000000 $t
     /tmp/ccSMkJZF.s:104    .text.UsageFault_Handler:0000000000000000 UsageFault_Handler
     /tmp/ccSMkJZF.s:119    .text.SVC_Handler:0000000000000000 $t
     /tmp/ccSMkJZF.s:124    .text.SVC_Handler:0000000000000000 SVC_Handler
     /tmp/ccSMkJZF.s:136    .text.DebugMon_Handler:0000000000000000 $t
     /tmp/ccSMkJZF.s:141    .text.DebugMon_Handler:0000000000000000 DebugMon_Handler
     /tmp/ccSMkJZF.s:153    .text.PendSV_Handler:0000000000000000 $t
     /tmp/ccSMkJZF.s:158    .text.PendSV_Handler:0000000000000000 PendSV_Handler
     /tmp/ccSMkJZF.s:170    .text.SysTick_Handler:0000000000000000 $t
     /tmp/ccSMkJZF.s:175    .text.SysTick_Handler:0000000000000000 SysTick_Handler
     /tmp/ccSMkJZF.s:195    .text.TIM3_IRQHandler:0000000000000000 $t
     /tmp/ccSMkJZF.s:200    .text.TIM3_IRQHandler:0000000000000000 TIM3_IRQHandler
     /tmp/ccSMkJZF.s:219    .text.TIM3_IRQHandler:000000000000000c $d
                     .debug_frame:0000000000000010 $d

UNDEFINED SYMBOLS
HAL_IncTick
HAL_TIM_IRQHandler
htim3
