ARM GAS  /tmp/ccz5UvRH.s 			page 1


   1              		.syntax unified
   2              		.cpu cortex-m4
   3              		.eabi_attribute 27, 1
   4              		.eabi_attribute 28, 1
   5              		.fpu fpv4-sp-d16
   6              		.eabi_attribute 20, 1
   7              		.eabi_attribute 21, 1
   8              		.eabi_attribute 23, 3
   9              		.eabi_attribute 24, 1
  10              		.eabi_attribute 25, 1
  11              		.eabi_attribute 26, 1
  12              		.eabi_attribute 30, 1
  13              		.eabi_attribute 34, 1
  14              		.eabi_attribute 18, 4
  15              		.thumb
  16              		.file	"stm32f4xx_hal_msp.c"
  17              		.text
  18              	.Ltext0:
  19              		.cfi_sections	.debug_frame
  20              		.section	.text.HAL_MspInit,"ax",%progbits
  21              		.align	2
  22              		.global	HAL_MspInit
  23              		.thumb
  24              		.thumb_func
  26              	HAL_MspInit:
  27              	.LFB130:
  28              		.file 1 "Src/stm32f4xx_hal_msp.c"
   1:Src/stm32f4xx_hal_msp.c **** /* USER CODE BEGIN Header */
   2:Src/stm32f4xx_hal_msp.c **** /**
   3:Src/stm32f4xx_hal_msp.c ****   ******************************************************************************
   4:Src/stm32f4xx_hal_msp.c ****   * File Name          : stm32f4xx_hal_msp.c
   5:Src/stm32f4xx_hal_msp.c ****   * Description        : This file provides code for the MSP Initialization 
   6:Src/stm32f4xx_hal_msp.c ****   *                      and de-Initialization codes.
   7:Src/stm32f4xx_hal_msp.c ****   ******************************************************************************
   8:Src/stm32f4xx_hal_msp.c ****   * @attention
   9:Src/stm32f4xx_hal_msp.c ****   *
  10:Src/stm32f4xx_hal_msp.c ****   * <h2><center>&copy; Copyright (c) 2019 STMicroelectronics.
  11:Src/stm32f4xx_hal_msp.c ****   * All rights reserved.</center></h2>
  12:Src/stm32f4xx_hal_msp.c ****   *
  13:Src/stm32f4xx_hal_msp.c ****   * This software component is licensed by ST under BSD 3-Clause license,
  14:Src/stm32f4xx_hal_msp.c ****   * the "License"; You may not use this file except in compliance with the
  15:Src/stm32f4xx_hal_msp.c ****   * License. You may obtain a copy of the License at:
  16:Src/stm32f4xx_hal_msp.c ****   *                        opensource.org/licenses/BSD-3-Clause
  17:Src/stm32f4xx_hal_msp.c ****   *
  18:Src/stm32f4xx_hal_msp.c ****   ******************************************************************************
  19:Src/stm32f4xx_hal_msp.c ****   */
  20:Src/stm32f4xx_hal_msp.c **** /* USER CODE END Header */
  21:Src/stm32f4xx_hal_msp.c **** 
  22:Src/stm32f4xx_hal_msp.c **** /* Includes ------------------------------------------------------------------*/
  23:Src/stm32f4xx_hal_msp.c **** #include "main.h"
  24:Src/stm32f4xx_hal_msp.c **** /* USER CODE BEGIN Includes */
  25:Src/stm32f4xx_hal_msp.c **** 
  26:Src/stm32f4xx_hal_msp.c **** /* USER CODE END Includes */
  27:Src/stm32f4xx_hal_msp.c **** 
  28:Src/stm32f4xx_hal_msp.c **** /* Private typedef -----------------------------------------------------------*/
  29:Src/stm32f4xx_hal_msp.c **** /* USER CODE BEGIN TD */
  30:Src/stm32f4xx_hal_msp.c **** 
ARM GAS  /tmp/ccz5UvRH.s 			page 2


  31:Src/stm32f4xx_hal_msp.c **** /* USER CODE END TD */
  32:Src/stm32f4xx_hal_msp.c **** 
  33:Src/stm32f4xx_hal_msp.c **** /* Private define ------------------------------------------------------------*/
  34:Src/stm32f4xx_hal_msp.c **** /* USER CODE BEGIN Define */
  35:Src/stm32f4xx_hal_msp.c ****  
  36:Src/stm32f4xx_hal_msp.c **** /* USER CODE END Define */
  37:Src/stm32f4xx_hal_msp.c **** 
  38:Src/stm32f4xx_hal_msp.c **** /* Private macro -------------------------------------------------------------*/
  39:Src/stm32f4xx_hal_msp.c **** /* USER CODE BEGIN Macro */
  40:Src/stm32f4xx_hal_msp.c **** 
  41:Src/stm32f4xx_hal_msp.c **** /* USER CODE END Macro */
  42:Src/stm32f4xx_hal_msp.c **** 
  43:Src/stm32f4xx_hal_msp.c **** /* Private variables ---------------------------------------------------------*/
  44:Src/stm32f4xx_hal_msp.c **** /* USER CODE BEGIN PV */
  45:Src/stm32f4xx_hal_msp.c **** 
  46:Src/stm32f4xx_hal_msp.c **** /* USER CODE END PV */
  47:Src/stm32f4xx_hal_msp.c **** 
  48:Src/stm32f4xx_hal_msp.c **** /* Private function prototypes -----------------------------------------------*/
  49:Src/stm32f4xx_hal_msp.c **** /* USER CODE BEGIN PFP */
  50:Src/stm32f4xx_hal_msp.c **** 
  51:Src/stm32f4xx_hal_msp.c **** /* USER CODE END PFP */
  52:Src/stm32f4xx_hal_msp.c **** 
  53:Src/stm32f4xx_hal_msp.c **** /* External functions --------------------------------------------------------*/
  54:Src/stm32f4xx_hal_msp.c **** /* USER CODE BEGIN ExternalFunctions */
  55:Src/stm32f4xx_hal_msp.c **** 
  56:Src/stm32f4xx_hal_msp.c **** /* USER CODE END ExternalFunctions */
  57:Src/stm32f4xx_hal_msp.c **** 
  58:Src/stm32f4xx_hal_msp.c **** /* USER CODE BEGIN 0 */
  59:Src/stm32f4xx_hal_msp.c **** 
  60:Src/stm32f4xx_hal_msp.c **** /* USER CODE END 0 */
  61:Src/stm32f4xx_hal_msp.c **** /**
  62:Src/stm32f4xx_hal_msp.c ****   * Initializes the Global MSP.
  63:Src/stm32f4xx_hal_msp.c ****   */
  64:Src/stm32f4xx_hal_msp.c **** void HAL_MspInit(void)
  65:Src/stm32f4xx_hal_msp.c **** {
  29              		.loc 1 65 0
  30              		.cfi_startproc
  31              		@ args = 0, pretend = 0, frame = 8
  32              		@ frame_needed = 0, uses_anonymous_args = 0
  33              		@ link register save eliminated.
  34 0000 82B0     		sub	sp, sp, #8
  35              	.LCFI0:
  36              		.cfi_def_cfa_offset 8
  37              	.LBB2:
  66:Src/stm32f4xx_hal_msp.c ****   /* USER CODE BEGIN MspInit 0 */
  67:Src/stm32f4xx_hal_msp.c **** 
  68:Src/stm32f4xx_hal_msp.c ****   /* USER CODE END MspInit 0 */
  69:Src/stm32f4xx_hal_msp.c **** 
  70:Src/stm32f4xx_hal_msp.c ****   __HAL_RCC_SYSCFG_CLK_ENABLE();
  38              		.loc 1 70 0
  39 0002 0021     		movs	r1, #0
  40 0004 0091     		str	r1, [sp]
  41 0006 0B4B     		ldr	r3, .L3
  42 0008 5A6C     		ldr	r2, [r3, #68]
  43 000a 42F48042 		orr	r2, r2, #16384
  44 000e 5A64     		str	r2, [r3, #68]
  45 0010 5A6C     		ldr	r2, [r3, #68]
ARM GAS  /tmp/ccz5UvRH.s 			page 3


  46 0012 02F48042 		and	r2, r2, #16384
  47 0016 0092     		str	r2, [sp]
  48 0018 009A     		ldr	r2, [sp]
  49              	.LBE2:
  50              	.LBB3:
  71:Src/stm32f4xx_hal_msp.c ****   __HAL_RCC_PWR_CLK_ENABLE();
  51              		.loc 1 71 0
  52 001a 0191     		str	r1, [sp, #4]
  53 001c 1A6C     		ldr	r2, [r3, #64]
  54 001e 42F08052 		orr	r2, r2, #268435456
  55 0022 1A64     		str	r2, [r3, #64]
  56 0024 1B6C     		ldr	r3, [r3, #64]
  57 0026 03F08053 		and	r3, r3, #268435456
  58 002a 0193     		str	r3, [sp, #4]
  59 002c 019B     		ldr	r3, [sp, #4]
  60              	.LBE3:
  72:Src/stm32f4xx_hal_msp.c **** 
  73:Src/stm32f4xx_hal_msp.c ****   /* System interrupt init*/
  74:Src/stm32f4xx_hal_msp.c **** 
  75:Src/stm32f4xx_hal_msp.c ****   /* USER CODE BEGIN MspInit 1 */
  76:Src/stm32f4xx_hal_msp.c **** 
  77:Src/stm32f4xx_hal_msp.c ****   /* USER CODE END MspInit 1 */
  78:Src/stm32f4xx_hal_msp.c **** }
  61              		.loc 1 78 0
  62 002e 02B0     		add	sp, sp, #8
  63              	.LCFI1:
  64              		.cfi_def_cfa_offset 0
  65              		@ sp needed
  66 0030 7047     		bx	lr
  67              	.L4:
  68 0032 00BF     		.align	2
  69              	.L3:
  70 0034 00380240 		.word	1073887232
  71              		.cfi_endproc
  72              	.LFE130:
  74              		.section	.text.HAL_TIM_Encoder_MspInit,"ax",%progbits
  75              		.align	2
  76              		.global	HAL_TIM_Encoder_MspInit
  77              		.thumb
  78              		.thumb_func
  80              	HAL_TIM_Encoder_MspInit:
  81              	.LFB131:
  79:Src/stm32f4xx_hal_msp.c **** 
  80:Src/stm32f4xx_hal_msp.c **** /**
  81:Src/stm32f4xx_hal_msp.c **** * @brief TIM_Encoder MSP Initialization
  82:Src/stm32f4xx_hal_msp.c **** * This function configures the hardware resources used in this example
  83:Src/stm32f4xx_hal_msp.c **** * @param htim_encoder: TIM_Encoder handle pointer
  84:Src/stm32f4xx_hal_msp.c **** * @retval None
  85:Src/stm32f4xx_hal_msp.c **** */
  86:Src/stm32f4xx_hal_msp.c **** void HAL_TIM_Encoder_MspInit(TIM_HandleTypeDef* htim_encoder)
  87:Src/stm32f4xx_hal_msp.c **** {
  82              		.loc 1 87 0
  83              		.cfi_startproc
  84              		@ args = 0, pretend = 0, frame = 32
  85              		@ frame_needed = 0, uses_anonymous_args = 0
  86              	.LVL0:
  87 0000 10B5     		push	{r4, lr}
ARM GAS  /tmp/ccz5UvRH.s 			page 4


  88              	.LCFI2:
  89              		.cfi_def_cfa_offset 8
  90              		.cfi_offset 4, -8
  91              		.cfi_offset 14, -4
  92 0002 88B0     		sub	sp, sp, #32
  93              	.LCFI3:
  94              		.cfi_def_cfa_offset 40
  88:Src/stm32f4xx_hal_msp.c ****   GPIO_InitTypeDef GPIO_InitStruct = {0};
  95              		.loc 1 88 0
  96 0004 0023     		movs	r3, #0
  97 0006 0393     		str	r3, [sp, #12]
  98 0008 0493     		str	r3, [sp, #16]
  99 000a 0593     		str	r3, [sp, #20]
 100 000c 0693     		str	r3, [sp, #24]
 101 000e 0793     		str	r3, [sp, #28]
  89:Src/stm32f4xx_hal_msp.c ****   if(htim_encoder->Instance==TIM3)
 102              		.loc 1 89 0
 103 0010 0268     		ldr	r2, [r0]
 104 0012 164B     		ldr	r3, .L8
 105 0014 9A42     		cmp	r2, r3
 106 0016 27D1     		bne	.L5
 107              	.LBB4:
  90:Src/stm32f4xx_hal_msp.c ****   {
  91:Src/stm32f4xx_hal_msp.c ****   /* USER CODE BEGIN TIM3_MspInit 0 */
  92:Src/stm32f4xx_hal_msp.c **** 
  93:Src/stm32f4xx_hal_msp.c ****   /* USER CODE END TIM3_MspInit 0 */
  94:Src/stm32f4xx_hal_msp.c ****     /* Peripheral clock enable */
  95:Src/stm32f4xx_hal_msp.c ****     __HAL_RCC_TIM3_CLK_ENABLE();
 108              		.loc 1 95 0
 109 0018 0024     		movs	r4, #0
 110 001a 0194     		str	r4, [sp, #4]
 111 001c 03F50D33 		add	r3, r3, #144384
 112 0020 1A6C     		ldr	r2, [r3, #64]
 113 0022 42F00202 		orr	r2, r2, #2
 114 0026 1A64     		str	r2, [r3, #64]
 115 0028 1A6C     		ldr	r2, [r3, #64]
 116 002a 02F00202 		and	r2, r2, #2
 117 002e 0192     		str	r2, [sp, #4]
 118 0030 019A     		ldr	r2, [sp, #4]
 119              	.LBE4:
 120              	.LBB5:
  96:Src/stm32f4xx_hal_msp.c ****   
  97:Src/stm32f4xx_hal_msp.c ****     __HAL_RCC_GPIOC_CLK_ENABLE();
 121              		.loc 1 97 0
 122 0032 0294     		str	r4, [sp, #8]
 123 0034 1A6B     		ldr	r2, [r3, #48]
 124 0036 42F00402 		orr	r2, r2, #4
 125 003a 1A63     		str	r2, [r3, #48]
 126 003c 1B6B     		ldr	r3, [r3, #48]
 127 003e 03F00403 		and	r3, r3, #4
 128 0042 0293     		str	r3, [sp, #8]
 129 0044 029B     		ldr	r3, [sp, #8]
 130              	.LBE5:
  98:Src/stm32f4xx_hal_msp.c ****     /**TIM3 GPIO Configuration    
  99:Src/stm32f4xx_hal_msp.c ****     PC6     ------> TIM3_CH1
 100:Src/stm32f4xx_hal_msp.c ****     PC7     ------> TIM3_CH2 
 101:Src/stm32f4xx_hal_msp.c ****     */
ARM GAS  /tmp/ccz5UvRH.s 			page 5


 102:Src/stm32f4xx_hal_msp.c ****     GPIO_InitStruct.Pin = GPIO_PIN_6|GPIO_PIN_7;
 131              		.loc 1 102 0
 132 0046 C023     		movs	r3, #192
 133 0048 0393     		str	r3, [sp, #12]
 103:Src/stm32f4xx_hal_msp.c ****     GPIO_InitStruct.Mode = GPIO_MODE_AF_PP;
 134              		.loc 1 103 0
 135 004a 0223     		movs	r3, #2
 136 004c 0493     		str	r3, [sp, #16]
 104:Src/stm32f4xx_hal_msp.c ****     GPIO_InitStruct.Pull = GPIO_NOPULL;
 105:Src/stm32f4xx_hal_msp.c ****     GPIO_InitStruct.Speed = GPIO_SPEED_FREQ_LOW;
 106:Src/stm32f4xx_hal_msp.c ****     GPIO_InitStruct.Alternate = GPIO_AF2_TIM3;
 137              		.loc 1 106 0
 138 004e 0793     		str	r3, [sp, #28]
 107:Src/stm32f4xx_hal_msp.c ****     HAL_GPIO_Init(GPIOC, &GPIO_InitStruct);
 139              		.loc 1 107 0
 140 0050 0748     		ldr	r0, .L8+4
 141              	.LVL1:
 142 0052 03A9     		add	r1, sp, #12
 143 0054 FFF7FEFF 		bl	HAL_GPIO_Init
 144              	.LVL2:
 108:Src/stm32f4xx_hal_msp.c **** 
 109:Src/stm32f4xx_hal_msp.c ****     /* TIM3 interrupt Init */
 110:Src/stm32f4xx_hal_msp.c ****     HAL_NVIC_SetPriority(TIM3_IRQn, 0, 0);
 145              		.loc 1 110 0
 146 0058 1D20     		movs	r0, #29
 147 005a 2146     		mov	r1, r4
 148 005c 2246     		mov	r2, r4
 149 005e FFF7FEFF 		bl	HAL_NVIC_SetPriority
 150              	.LVL3:
 111:Src/stm32f4xx_hal_msp.c ****     HAL_NVIC_EnableIRQ(TIM3_IRQn);
 151              		.loc 1 111 0
 152 0062 1D20     		movs	r0, #29
 153 0064 FFF7FEFF 		bl	HAL_NVIC_EnableIRQ
 154              	.LVL4:
 155              	.L5:
 112:Src/stm32f4xx_hal_msp.c ****   /* USER CODE BEGIN TIM3_MspInit 1 */
 113:Src/stm32f4xx_hal_msp.c **** 
 114:Src/stm32f4xx_hal_msp.c ****   /* USER CODE END TIM3_MspInit 1 */
 115:Src/stm32f4xx_hal_msp.c ****   }
 116:Src/stm32f4xx_hal_msp.c **** 
 117:Src/stm32f4xx_hal_msp.c **** }
 156              		.loc 1 117 0
 157 0068 08B0     		add	sp, sp, #32
 158              	.LCFI4:
 159              		.cfi_def_cfa_offset 8
 160              		@ sp needed
 161 006a 10BD     		pop	{r4, pc}
 162              	.L9:
 163              		.align	2
 164              	.L8:
 165 006c 00040040 		.word	1073742848
 166 0070 00080240 		.word	1073874944
 167              		.cfi_endproc
 168              	.LFE131:
 170              		.section	.text.HAL_TIM_Encoder_MspDeInit,"ax",%progbits
 171              		.align	2
 172              		.global	HAL_TIM_Encoder_MspDeInit
ARM GAS  /tmp/ccz5UvRH.s 			page 6


 173              		.thumb
 174              		.thumb_func
 176              	HAL_TIM_Encoder_MspDeInit:
 177              	.LFB132:
 118:Src/stm32f4xx_hal_msp.c **** 
 119:Src/stm32f4xx_hal_msp.c **** /**
 120:Src/stm32f4xx_hal_msp.c **** * @brief TIM_Encoder MSP De-Initialization
 121:Src/stm32f4xx_hal_msp.c **** * This function freeze the hardware resources used in this example
 122:Src/stm32f4xx_hal_msp.c **** * @param htim_encoder: TIM_Encoder handle pointer
 123:Src/stm32f4xx_hal_msp.c **** * @retval None
 124:Src/stm32f4xx_hal_msp.c **** */
 125:Src/stm32f4xx_hal_msp.c **** void HAL_TIM_Encoder_MspDeInit(TIM_HandleTypeDef* htim_encoder)
 126:Src/stm32f4xx_hal_msp.c **** {
 178              		.loc 1 126 0
 179              		.cfi_startproc
 180              		@ args = 0, pretend = 0, frame = 0
 181              		@ frame_needed = 0, uses_anonymous_args = 0
 182              	.LVL5:
 183 0000 08B5     		push	{r3, lr}
 184              	.LCFI5:
 185              		.cfi_def_cfa_offset 8
 186              		.cfi_offset 3, -8
 187              		.cfi_offset 14, -4
 127:Src/stm32f4xx_hal_msp.c ****   if(htim_encoder->Instance==TIM3)
 188              		.loc 1 127 0
 189 0002 0268     		ldr	r2, [r0]
 190 0004 074B     		ldr	r3, .L13
 191 0006 9A42     		cmp	r2, r3
 192 0008 0BD1     		bne	.L10
 128:Src/stm32f4xx_hal_msp.c ****   {
 129:Src/stm32f4xx_hal_msp.c ****   /* USER CODE BEGIN TIM3_MspDeInit 0 */
 130:Src/stm32f4xx_hal_msp.c **** 
 131:Src/stm32f4xx_hal_msp.c ****   /* USER CODE END TIM3_MspDeInit 0 */
 132:Src/stm32f4xx_hal_msp.c ****     /* Peripheral clock disable */
 133:Src/stm32f4xx_hal_msp.c ****     __HAL_RCC_TIM3_CLK_DISABLE();
 193              		.loc 1 133 0
 194 000a 074A     		ldr	r2, .L13+4
 195 000c 136C     		ldr	r3, [r2, #64]
 196 000e 23F00203 		bic	r3, r3, #2
 197 0012 1364     		str	r3, [r2, #64]
 134:Src/stm32f4xx_hal_msp.c ****   
 135:Src/stm32f4xx_hal_msp.c ****     /**TIM3 GPIO Configuration    
 136:Src/stm32f4xx_hal_msp.c ****     PC6     ------> TIM3_CH1
 137:Src/stm32f4xx_hal_msp.c ****     PC7     ------> TIM3_CH2 
 138:Src/stm32f4xx_hal_msp.c ****     */
 139:Src/stm32f4xx_hal_msp.c ****     HAL_GPIO_DeInit(GPIOC, GPIO_PIN_6|GPIO_PIN_7);
 198              		.loc 1 139 0
 199 0014 0548     		ldr	r0, .L13+8
 200              	.LVL6:
 201 0016 C021     		movs	r1, #192
 202 0018 FFF7FEFF 		bl	HAL_GPIO_DeInit
 203              	.LVL7:
 140:Src/stm32f4xx_hal_msp.c **** 
 141:Src/stm32f4xx_hal_msp.c ****     /* TIM3 interrupt DeInit */
 142:Src/stm32f4xx_hal_msp.c ****     HAL_NVIC_DisableIRQ(TIM3_IRQn);
 204              		.loc 1 142 0
 205 001c 1D20     		movs	r0, #29
ARM GAS  /tmp/ccz5UvRH.s 			page 7


 206 001e FFF7FEFF 		bl	HAL_NVIC_DisableIRQ
 207              	.LVL8:
 208              	.L10:
 209 0022 08BD     		pop	{r3, pc}
 210              	.L14:
 211              		.align	2
 212              	.L13:
 213 0024 00040040 		.word	1073742848
 214 0028 00380240 		.word	1073887232
 215 002c 00080240 		.word	1073874944
 216              		.cfi_endproc
 217              	.LFE132:
 219              		.section	.text.HAL_UART_MspInit,"ax",%progbits
 220              		.align	2
 221              		.global	HAL_UART_MspInit
 222              		.thumb
 223              		.thumb_func
 225              	HAL_UART_MspInit:
 226              	.LFB133:
 143:Src/stm32f4xx_hal_msp.c ****   /* USER CODE BEGIN TIM3_MspDeInit 1 */
 144:Src/stm32f4xx_hal_msp.c **** 
 145:Src/stm32f4xx_hal_msp.c ****   /* USER CODE END TIM3_MspDeInit 1 */
 146:Src/stm32f4xx_hal_msp.c ****   }
 147:Src/stm32f4xx_hal_msp.c **** 
 148:Src/stm32f4xx_hal_msp.c **** }
 149:Src/stm32f4xx_hal_msp.c **** 
 150:Src/stm32f4xx_hal_msp.c **** /**
 151:Src/stm32f4xx_hal_msp.c **** * @brief UART MSP Initialization
 152:Src/stm32f4xx_hal_msp.c **** * This function configures the hardware resources used in this example
 153:Src/stm32f4xx_hal_msp.c **** * @param huart: UART handle pointer
 154:Src/stm32f4xx_hal_msp.c **** * @retval None
 155:Src/stm32f4xx_hal_msp.c **** */
 156:Src/stm32f4xx_hal_msp.c **** void HAL_UART_MspInit(UART_HandleTypeDef* huart)
 157:Src/stm32f4xx_hal_msp.c **** {
 227              		.loc 1 157 0
 228              		.cfi_startproc
 229              		@ args = 0, pretend = 0, frame = 32
 230              		@ frame_needed = 0, uses_anonymous_args = 0
 231              	.LVL9:
 232 0000 00B5     		push	{lr}
 233              	.LCFI6:
 234              		.cfi_def_cfa_offset 4
 235              		.cfi_offset 14, -4
 236 0002 89B0     		sub	sp, sp, #36
 237              	.LCFI7:
 238              		.cfi_def_cfa_offset 40
 158:Src/stm32f4xx_hal_msp.c ****   GPIO_InitTypeDef GPIO_InitStruct = {0};
 239              		.loc 1 158 0
 240 0004 0023     		movs	r3, #0
 241 0006 0393     		str	r3, [sp, #12]
 242 0008 0493     		str	r3, [sp, #16]
 243 000a 0593     		str	r3, [sp, #20]
 244 000c 0693     		str	r3, [sp, #24]
 245 000e 0793     		str	r3, [sp, #28]
 159:Src/stm32f4xx_hal_msp.c ****   if(huart->Instance==USART2)
 246              		.loc 1 159 0
 247 0010 0268     		ldr	r2, [r0]
ARM GAS  /tmp/ccz5UvRH.s 			page 8


 248 0012 154B     		ldr	r3, .L18
 249 0014 9A42     		cmp	r2, r3
 250 0016 24D1     		bne	.L15
 251              	.LBB6:
 160:Src/stm32f4xx_hal_msp.c ****   {
 161:Src/stm32f4xx_hal_msp.c ****   /* USER CODE BEGIN USART2_MspInit 0 */
 162:Src/stm32f4xx_hal_msp.c **** 
 163:Src/stm32f4xx_hal_msp.c ****   /* USER CODE END USART2_MspInit 0 */
 164:Src/stm32f4xx_hal_msp.c ****     /* Peripheral clock enable */
 165:Src/stm32f4xx_hal_msp.c ****     __HAL_RCC_USART2_CLK_ENABLE();
 252              		.loc 1 165 0
 253 0018 0021     		movs	r1, #0
 254 001a 0191     		str	r1, [sp, #4]
 255 001c 03F5FA33 		add	r3, r3, #128000
 256 0020 1A6C     		ldr	r2, [r3, #64]
 257 0022 42F40032 		orr	r2, r2, #131072
 258 0026 1A64     		str	r2, [r3, #64]
 259 0028 1A6C     		ldr	r2, [r3, #64]
 260 002a 02F40032 		and	r2, r2, #131072
 261 002e 0192     		str	r2, [sp, #4]
 262 0030 019A     		ldr	r2, [sp, #4]
 263              	.LBE6:
 264              	.LBB7:
 166:Src/stm32f4xx_hal_msp.c ****   
 167:Src/stm32f4xx_hal_msp.c ****     __HAL_RCC_GPIOD_CLK_ENABLE();
 265              		.loc 1 167 0
 266 0032 0291     		str	r1, [sp, #8]
 267 0034 1A6B     		ldr	r2, [r3, #48]
 268 0036 42F00802 		orr	r2, r2, #8
 269 003a 1A63     		str	r2, [r3, #48]
 270 003c 1B6B     		ldr	r3, [r3, #48]
 271 003e 03F00803 		and	r3, r3, #8
 272 0042 0293     		str	r3, [sp, #8]
 273 0044 029B     		ldr	r3, [sp, #8]
 274              	.LBE7:
 168:Src/stm32f4xx_hal_msp.c ****     /**USART2 GPIO Configuration    
 169:Src/stm32f4xx_hal_msp.c ****     PD5     ------> USART2_TX
 170:Src/stm32f4xx_hal_msp.c ****     PD6     ------> USART2_RX 
 171:Src/stm32f4xx_hal_msp.c ****     */
 172:Src/stm32f4xx_hal_msp.c ****     GPIO_InitStruct.Pin = GPIO_PIN_5|GPIO_PIN_6;
 275              		.loc 1 172 0
 276 0046 6023     		movs	r3, #96
 277 0048 0393     		str	r3, [sp, #12]
 173:Src/stm32f4xx_hal_msp.c ****     GPIO_InitStruct.Mode = GPIO_MODE_AF_PP;
 278              		.loc 1 173 0
 279 004a 0223     		movs	r3, #2
 280 004c 0493     		str	r3, [sp, #16]
 174:Src/stm32f4xx_hal_msp.c ****     GPIO_InitStruct.Pull = GPIO_PULLUP;
 281              		.loc 1 174 0
 282 004e 0123     		movs	r3, #1
 283 0050 0593     		str	r3, [sp, #20]
 175:Src/stm32f4xx_hal_msp.c ****     GPIO_InitStruct.Speed = GPIO_SPEED_FREQ_VERY_HIGH;
 284              		.loc 1 175 0
 285 0052 0323     		movs	r3, #3
 286 0054 0693     		str	r3, [sp, #24]
 176:Src/stm32f4xx_hal_msp.c ****     GPIO_InitStruct.Alternate = GPIO_AF7_USART2;
 287              		.loc 1 176 0
ARM GAS  /tmp/ccz5UvRH.s 			page 9


 288 0056 0723     		movs	r3, #7
 289 0058 0793     		str	r3, [sp, #28]
 177:Src/stm32f4xx_hal_msp.c ****     HAL_GPIO_Init(GPIOD, &GPIO_InitStruct);
 290              		.loc 1 177 0
 291 005a 0448     		ldr	r0, .L18+4
 292              	.LVL10:
 293 005c 03A9     		add	r1, sp, #12
 294 005e FFF7FEFF 		bl	HAL_GPIO_Init
 295              	.LVL11:
 296              	.L15:
 178:Src/stm32f4xx_hal_msp.c **** 
 179:Src/stm32f4xx_hal_msp.c ****   /* USER CODE BEGIN USART2_MspInit 1 */
 180:Src/stm32f4xx_hal_msp.c **** 
 181:Src/stm32f4xx_hal_msp.c ****   /* USER CODE END USART2_MspInit 1 */
 182:Src/stm32f4xx_hal_msp.c ****   }
 183:Src/stm32f4xx_hal_msp.c **** 
 184:Src/stm32f4xx_hal_msp.c **** }
 297              		.loc 1 184 0
 298 0062 09B0     		add	sp, sp, #36
 299              	.LCFI8:
 300              		.cfi_def_cfa_offset 4
 301              		@ sp needed
 302 0064 5DF804FB 		ldr	pc, [sp], #4
 303              	.L19:
 304              		.align	2
 305              	.L18:
 306 0068 00440040 		.word	1073759232
 307 006c 000C0240 		.word	1073875968
 308              		.cfi_endproc
 309              	.LFE133:
 311              		.section	.text.HAL_UART_MspDeInit,"ax",%progbits
 312              		.align	2
 313              		.global	HAL_UART_MspDeInit
 314              		.thumb
 315              		.thumb_func
 317              	HAL_UART_MspDeInit:
 318              	.LFB134:
 185:Src/stm32f4xx_hal_msp.c **** 
 186:Src/stm32f4xx_hal_msp.c **** /**
 187:Src/stm32f4xx_hal_msp.c **** * @brief UART MSP De-Initialization
 188:Src/stm32f4xx_hal_msp.c **** * This function freeze the hardware resources used in this example
 189:Src/stm32f4xx_hal_msp.c **** * @param huart: UART handle pointer
 190:Src/stm32f4xx_hal_msp.c **** * @retval None
 191:Src/stm32f4xx_hal_msp.c **** */
 192:Src/stm32f4xx_hal_msp.c **** void HAL_UART_MspDeInit(UART_HandleTypeDef* huart)
 193:Src/stm32f4xx_hal_msp.c **** {
 319              		.loc 1 193 0
 320              		.cfi_startproc
 321              		@ args = 0, pretend = 0, frame = 0
 322              		@ frame_needed = 0, uses_anonymous_args = 0
 323              	.LVL12:
 324 0000 08B5     		push	{r3, lr}
 325              	.LCFI9:
 326              		.cfi_def_cfa_offset 8
 327              		.cfi_offset 3, -8
 328              		.cfi_offset 14, -4
 194:Src/stm32f4xx_hal_msp.c ****   if(huart->Instance==USART2)
ARM GAS  /tmp/ccz5UvRH.s 			page 10


 329              		.loc 1 194 0
 330 0002 0268     		ldr	r2, [r0]
 331 0004 064B     		ldr	r3, .L23
 332 0006 9A42     		cmp	r2, r3
 333 0008 08D1     		bne	.L20
 195:Src/stm32f4xx_hal_msp.c ****   {
 196:Src/stm32f4xx_hal_msp.c ****   /* USER CODE BEGIN USART2_MspDeInit 0 */
 197:Src/stm32f4xx_hal_msp.c **** 
 198:Src/stm32f4xx_hal_msp.c ****   /* USER CODE END USART2_MspDeInit 0 */
 199:Src/stm32f4xx_hal_msp.c ****     /* Peripheral clock disable */
 200:Src/stm32f4xx_hal_msp.c ****     __HAL_RCC_USART2_CLK_DISABLE();
 334              		.loc 1 200 0
 335 000a 064A     		ldr	r2, .L23+4
 336 000c 136C     		ldr	r3, [r2, #64]
 337 000e 23F40033 		bic	r3, r3, #131072
 338 0012 1364     		str	r3, [r2, #64]
 201:Src/stm32f4xx_hal_msp.c ****   
 202:Src/stm32f4xx_hal_msp.c ****     /**USART2 GPIO Configuration    
 203:Src/stm32f4xx_hal_msp.c ****     PD5     ------> USART2_TX
 204:Src/stm32f4xx_hal_msp.c ****     PD6     ------> USART2_RX 
 205:Src/stm32f4xx_hal_msp.c ****     */
 206:Src/stm32f4xx_hal_msp.c ****     HAL_GPIO_DeInit(GPIOD, GPIO_PIN_5|GPIO_PIN_6);
 339              		.loc 1 206 0
 340 0014 0448     		ldr	r0, .L23+8
 341              	.LVL13:
 342 0016 6021     		movs	r1, #96
 343 0018 FFF7FEFF 		bl	HAL_GPIO_DeInit
 344              	.LVL14:
 345              	.L20:
 346 001c 08BD     		pop	{r3, pc}
 347              	.L24:
 348 001e 00BF     		.align	2
 349              	.L23:
 350 0020 00440040 		.word	1073759232
 351 0024 00380240 		.word	1073887232
 352 0028 000C0240 		.word	1073875968
 353              		.cfi_endproc
 354              	.LFE134:
 356              		.text
 357              	.Letext0:
 358              		.file 2 "Drivers/CMSIS/Device/ST/STM32F4xx/Include/stm32f405xx.h"
 359              		.file 3 "/usr/include/newlib/machine/_default_types.h"
 360              		.file 4 "/usr/include/newlib/sys/_stdint.h"
 361              		.file 5 "Drivers/STM32F4xx_HAL_Driver/Inc/stm32f4xx_hal_def.h"
 362              		.file 6 "Drivers/STM32F4xx_HAL_Driver/Inc/stm32f4xx_hal_gpio.h"
 363              		.file 7 "Drivers/STM32F4xx_HAL_Driver/Inc/stm32f4xx_hal_dma.h"
 364              		.file 8 "Drivers/STM32F4xx_HAL_Driver/Inc/stm32f4xx_hal_tim.h"
 365              		.file 9 "Drivers/STM32F4xx_HAL_Driver/Inc/stm32f4xx_hal_uart.h"
 366              		.file 10 "Drivers/STM32F4xx_HAL_Driver/Inc/stm32f4xx_hal_cortex.h"
 367              		.file 11 "Drivers/CMSIS/Include/core_cm4.h"
ARM GAS  /tmp/ccz5UvRH.s 			page 11


DEFINED SYMBOLS
                            *ABS*:0000000000000000 stm32f4xx_hal_msp.c
     /tmp/ccz5UvRH.s:21     .text.HAL_MspInit:0000000000000000 $t
     /tmp/ccz5UvRH.s:26     .text.HAL_MspInit:0000000000000000 HAL_MspInit
     /tmp/ccz5UvRH.s:70     .text.HAL_MspInit:0000000000000034 $d
     /tmp/ccz5UvRH.s:75     .text.HAL_TIM_Encoder_MspInit:0000000000000000 $t
     /tmp/ccz5UvRH.s:80     .text.HAL_TIM_Encoder_MspInit:0000000000000000 HAL_TIM_Encoder_MspInit
     /tmp/ccz5UvRH.s:165    .text.HAL_TIM_Encoder_MspInit:000000000000006c $d
     /tmp/ccz5UvRH.s:171    .text.HAL_TIM_Encoder_MspDeInit:0000000000000000 $t
     /tmp/ccz5UvRH.s:176    .text.HAL_TIM_Encoder_MspDeInit:0000000000000000 HAL_TIM_Encoder_MspDeInit
     /tmp/ccz5UvRH.s:213    .text.HAL_TIM_Encoder_MspDeInit:0000000000000024 $d
     /tmp/ccz5UvRH.s:220    .text.HAL_UART_MspInit:0000000000000000 $t
     /tmp/ccz5UvRH.s:225    .text.HAL_UART_MspInit:0000000000000000 HAL_UART_MspInit
     /tmp/ccz5UvRH.s:306    .text.HAL_UART_MspInit:0000000000000068 $d
     /tmp/ccz5UvRH.s:312    .text.HAL_UART_MspDeInit:0000000000000000 $t
     /tmp/ccz5UvRH.s:317    .text.HAL_UART_MspDeInit:0000000000000000 HAL_UART_MspDeInit
     /tmp/ccz5UvRH.s:350    .text.HAL_UART_MspDeInit:0000000000000020 $d
                     .debug_frame:0000000000000010 $d

UNDEFINED SYMBOLS
HAL_GPIO_Init
HAL_NVIC_SetPriority
HAL_NVIC_EnableIRQ
HAL_GPIO_DeInit
HAL_NVIC_DisableIRQ
